#
# There is insufficient memory for the Java Runtime Environment to continue.
# Native memory allocation (malloc) failed to allocate 876112 bytes. Error detail: Chunk::new
# Possible reasons:
#   The system is out of physical RAM or swap space
#   This process is running with CompressedOops enabled, and the Java Heap may be blocking the growth of the native heap
# Possible solutions:
#   Reduce memory load on the system
#   Increase physical memory or swap space
#   Check if swap backing store is full
#   Decrease Java heap size (-Xmx/-Xms)
#   Decrease number of Java threads
#   Decrease Java thread stack sizes (-Xss)
#   Set larger code cache with -XX:ReservedCodeCacheSize=
#   JVM is running with Unscaled Compressed Oops mode in which the Java heap is
#     placed in the first 4GB address space. The Java Heap base address is the
#     maximum limit for the native heap growth. Please use -XX:HeapBaseMinAddress
#     to set the Java Heap base and to place the Java Heap above 4GB virtual address.
# This output file may be truncated or incomplete.
#
#  Out of Memory Error (arena.cpp:162), pid=7528, tid=11760
#
# JRE version: Java(TM) SE Runtime Environment (24.0.1+9) (build 24.0.1+9-30)
# Java VM: Java HotSpot(TM) 64-Bit Server VM (24.0.1+9-30, mixed mode, sharing, tiered, compressed oops, compressed class ptrs, g1 gc, windows-amd64)
# No core dump will be written. Minidumps are not enabled by default on client versions of Windows
#

---------------  S U M M A R Y ------------

Command Line: -javaagent:C:\Program Files\JetBrains\IntelliJ IDEA Community Edition 2025.1\lib\idea_rt.jar=54474 -Dfile.encoding=UTF-8 -Dsun.stdout.encoding=UTF-8 -Dsun.stderr.encoding=UTF-8 io.github.henriquempereira.screenmatch.ScreenmatchApplication

Host: Intel(R) Core(TM) i7-7500U CPU @ 2.70GHz, 4 cores, 7G,  Windows 11 , 64 bit Build 22621 (10.0.22621.5415)
Time: Mon Feb  2 17:08:27 2026 Hora oficial do Brasil elapsed time: 0.435768 seconds (0d 0h 0m 0s)

---------------  T H R E A D  ---------------

Current thread (0x000001c1a77bcb70):  JavaThread "C2 CompilerThread0" daemon [_thread_in_native, id=11760, stack(0x00000085c4f00000,0x00000085c5000000) (1024K)]


Current CompileTask:
C2:435  619 %     4       java.lang.StringLatin1::indexOf @ 30 (121 bytes)

Stack: [0x00000085c4f00000,0x00000085c5000000]
Native frames: (J=compiled Java code, j=interpreted, Vv=VM code, C=native code)
V  [jvm.dll+0x730739]  (no source info available)
V  [jvm.dll+0x8d9b23]  (no source info available)
V  [jvm.dll+0x8dc00d]  (no source info available)
V  [jvm.dll+0x8dc683]  (no source info available)
V  [jvm.dll+0x2aa086]  (no source info available)
V  [jvm.dll+0xcedef]  (no source info available)
V  [jvm.dll+0xcf04f]  (no source info available)
V  [jvm.dll+0x154d83]  (no source info available)
V  [jvm.dll+0x735f5f]  (no source info available)
V  [jvm.dll+0x26fa1c]  (no source info available)
V  [jvm.dll+0x26ea3f]  (no source info available)
V  [jvm.dll+0x1e9d60]  (no source info available)
V  [jvm.dll+0x27e1fb]  (no source info available)
V  [jvm.dll+0x27c49a]  (no source info available)
V  [jvm.dll+0x42f456]  (no source info available)
V  [jvm.dll+0x87d76b]  (no source info available)
V  [jvm.dll+0x72ee55]  (no source info available)
C  [ucrtbase.dll+0x29333]  (no source info available)
C  [KERNEL32.DLL+0x1259d]  (no source info available)
C  [ntdll.dll+0x5af78]  (no source info available)

Lock stack of current Java thread (top to bottom):


---------------  P R O C E S S  ---------------

Threads class SMR info:
_java_thread_list=0x000001c1ed511ae0, length=13, elements={
0x000001c18b18c480, 0x000001c1a77b4500, 0x000001c1a77b5710, 0x000001c1a77b7670,
0x000001c1a77ba6b0, 0x000001c1a77bb1e0, 0x000001c1a77bbd10, 0x000001c1a77bcb70,
0x000001c1a77c7c20, 0x000001c1a79f2e30, 0x000001c1a7af6b10, 0x000001c1a7af7250,
0x000001c1ed57ad90
}

Java Threads: ( => current thread )
  0x000001c18b18c480 JavaThread "main"                              [_thread_in_vm, id=476, stack(0x00000085c4100000,0x00000085c4200000) (1024K)]
  0x000001c1a77b4500 JavaThread "Reference Handler"          daemon [_thread_blocked, id=7448, stack(0x00000085c4900000,0x00000085c4a00000) (1024K)]
  0x000001c1a77b5710 JavaThread "Finalizer"                  daemon [_thread_blocked, id=8896, stack(0x00000085c4a00000,0x00000085c4b00000) (1024K)]
  0x000001c1a77b7670 JavaThread "Signal Dispatcher"          daemon [_thread_blocked, id=2472, stack(0x00000085c4b00000,0x00000085c4c00000) (1024K)]
  0x000001c1a77ba6b0 JavaThread "Attach Listener"            daemon [_thread_blocked, id=1680, stack(0x00000085c4c00000,0x00000085c4d00000) (1024K)]
  0x000001c1a77bb1e0 JavaThread "Service Thread"             daemon [_thread_blocked, id=6888, stack(0x00000085c4d00000,0x00000085c4e00000) (1024K)]
  0x000001c1a77bbd10 JavaThread "Monitor Deflation Thread"   daemon [_thread_blocked, id=4608, stack(0x00000085c4e00000,0x00000085c4f00000) (1024K)]
=>0x000001c1a77bcb70 JavaThread "C2 CompilerThread0"         daemon [_thread_in_native, id=11760, stack(0x00000085c4f00000,0x00000085c5000000) (1024K)]
  0x000001c1a77c7c20 JavaThread "C1 CompilerThread0"         daemon [_thread_blocked, id=5624, stack(0x00000085c5000000,0x00000085c5100000) (1024K)]
  0x000001c1a79f2e30 JavaThread "Common-Cleaner"             daemon [_thread_blocked, id=5696, stack(0x00000085c5100000,0x00000085c5200000) (1024K)]
  0x000001c1a7af6b10 JavaThread "Monitor Ctrl-Break"         daemon [_thread_in_native, id=4776, stack(0x00000085c5200000,0x00000085c5300000) (1024K)]
  0x000001c1a7af7250 JavaThread "Notification Thread"        daemon [_thread_blocked, id=3052, stack(0x00000085c5300000,0x00000085c5400000) (1024K)]
  0x000001c1ed57ad90 JavaThread "C2 CompilerThread1"         daemon [_thread_in_native, id=7140, stack(0x00000085c5400000,0x00000085c5500000) (1024K)]
Total: 13

Other Threads:
  0x000001c1a77a5570 VMThread "VM Thread"                           [id=508, stack(0x00000085c4800000,0x00000085c4900000) (1024K)]
  0x000001c1a7797340 WatcherThread "VM Periodic Task Thread"        [id=8364, stack(0x00000085c4700000,0x00000085c4800000) (1024K)]
  0x000001c18b1e4640 WorkerThread "GC Thread#0"                     [id=9232, stack(0x00000085c4200000,0x00000085c4300000) (1024K)]
  0x000001c18b1f9320 ConcurrentGCThread "G1 Main Marker"            [id=11720, stack(0x00000085c4300000,0x00000085c4400000) (1024K)]
  0x000001c18b1f9fb0 WorkerThread "G1 Conc#0"                       [id=11480, stack(0x00000085c4400000,0x00000085c4500000) (1024K)]
  0x000001c1a766c130 ConcurrentGCThread "G1 Refine#0"               [id=6708, stack(0x00000085c4500000,0x00000085c4600000) (1024K)]
  0x000001c1a766c960 ConcurrentGCThread "G1 Service"                [id=6548, stack(0x00000085c4600000,0x00000085c4700000) (1024K)]
Total: 7

Threads with active compile tasks:
C2 CompilerThread0  499  619 %     4       java.lang.StringLatin1::indexOf @ 30 (121 bytes)
C2 CompilerThread1  499  648       4       java.lang.StringLatin1::replace (197 bytes)
Total: 2

VM state: not at safepoint (normal execution)

VM Mutex/Monitor currently owned by a thread:  ([mutex/lock_event])
[0x00007ffef38824b0] Metaspace_lock - owner thread: 0x000001c18b18c480

Heap address: 0x0000000081600000, size: 2026 MB, Compressed Oops mode: 32-bit

CDS archive(s) mapped at: [0x000001c1a8000000-0x000001c1a8d40000-0x000001c1a8d40000), size 13893632, SharedBaseAddress: 0x000001c1a8000000, ArchiveRelocationMode: 1.
Compressed class space mapped at: 0x000001c1a9000000-0x000001c1e9000000, reserved size: 1073741824
UseCompressedClassPointers 1, UseCompactObjectHeaders 0
Narrow klass pointer bits 32, Max shift 3
Narrow klass base: 0x000001c1a8000000, Narrow klass shift: 0
Encoding Range: [0x000001c1a8000000 - 0x000001c2a8000000), (4294967296 bytes)
Klass Range:    [0x000001c1a8000000 - 0x000001c1e9000000), (1090519040 bytes)
Klass ID Range:  [8 - 1090519033) (1090519025)

GC Precious Log:
 CardTable entry size: 512
 Card Set container configuration: InlinePtr #cards 5 size 8 Array Of Cards #cards 10 size 36 Howl #buckets 4 coarsen threshold 1843 Howl Bitmap #cards 512 size 80 coarsen threshold 460 Card regions per heap region 1 cards per card region 2048
 CPUs: 4 total, 4 available
 Memory: 8102M
 Large Page Support: Disabled
 NUMA Support: Disabled
 Compressed Oops: Enabled (32-bit)
 Heap Region Size: 1M
 Heap Min Capacity: 8M
 Heap Initial Capacity: 128M
 Heap Max Capacity: 2026M
 Pre-touch: Disabled
 Parallel Workers: 4
 Concurrent Workers: 1
 Concurrent Refinement Workers: 4
 Periodic GC: Disabled

Heap:
 garbage-first heap   total reserved 2074624K, committed 133120K, used 10356K [0x0000000081600000, 0x0000000100000000)
  region size 1024K, 10 young (10240K), 0 survivors (0K)
 Metaspace       used 2763K, committed 2880K, reserved 1114112K
  class space    used 205K, committed 256K, reserved 1048576K

Heap Regions: E=young(eden), S=young(survivor), O=old, HS=humongous(starts), HC=humongous(continues), CS=collection set, F=free, TAMS=top-at-mark-start, PB=parsable bottom
|   0|0x0000000081600000, 0x0000000081600000, 0x0000000081700000|  0%| F|  |TAMS 0x0000000081600000| PB 0x0000000081600000| Untracked |  0
|   1|0x0000000081700000, 0x0000000081700000, 0x0000000081800000|  0%| F|  |TAMS 0x0000000081700000| PB 0x0000000081700000| Untracked |  0
|   2|0x0000000081800000, 0x0000000081800000, 0x0000000081900000|  0%| F|  |TAMS 0x0000000081800000| PB 0x0000000081800000| Untracked |  0
|   3|0x0000000081900000, 0x0000000081900000, 0x0000000081a00000|  0%| F|  |TAMS 0x0000000081900000| PB 0x0000000081900000| Untracked |  0
|   4|0x0000000081a00000, 0x0000000081a00000, 0x0000000081b00000|  0%| F|  |TAMS 0x0000000081a00000| PB 0x0000000081a00000| Untracked |  0
|   5|0x0000000081b00000, 0x0000000081b00000, 0x0000000081c00000|  0%| F|  |TAMS 0x0000000081b00000| PB 0x0000000081b00000| Untracked |  0
|   6|0x0000000081c00000, 0x0000000081c00000, 0x0000000081d00000|  0%| F|  |TAMS 0x0000000081c00000| PB 0x0000000081c00000| Untracked |  0
|   7|0x0000000081d00000, 0x0000000081d00000, 0x0000000081e00000|  0%| F|  |TAMS 0x0000000081d00000| PB 0x0000000081d00000| Untracked |  0
|   8|0x0000000081e00000, 0x0000000081e00000, 0x0000000081f00000|  0%| F|  |TAMS 0x0000000081e00000| PB 0x0000000081e00000| Untracked |  0
|   9|0x0000000081f00000, 0x0000000081f00000, 0x0000000082000000|  0%| F|  |TAMS 0x0000000081f00000| PB 0x0000000081f00000| Untracked |  0
|  10|0x0000000082000000, 0x0000000082000000, 0x0000000082100000|  0%| F|  |TAMS 0x0000000082000000| PB 0x0000000082000000| Untracked |  0
|  11|0x0000000082100000, 0x0000000082100000, 0x0000000082200000|  0%| F|  |TAMS 0x0000000082100000| PB 0x0000000082100000| Untracked |  0
|  12|0x0000000082200000, 0x0000000082200000, 0x0000000082300000|  0%| F|  |TAMS 0x0000000082200000| PB 0x0000000082200000| Untracked |  0
|  13|0x0000000082300000, 0x0000000082300000, 0x0000000082400000|  0%| F|  |TAMS 0x0000000082300000| PB 0x0000000082300000| Untracked |  0
|  14|0x0000000082400000, 0x0000000082400000, 0x0000000082500000|  0%| F|  |TAMS 0x0000000082400000| PB 0x0000000082400000| Untracked |  0
|  15|0x0000000082500000, 0x0000000082500000, 0x0000000082600000|  0%| F|  |TAMS 0x0000000082500000| PB 0x0000000082500000| Untracked |  0
|  16|0x0000000082600000, 0x0000000082600000, 0x0000000082700000|  0%| F|  |TAMS 0x0000000082600000| PB 0x0000000082600000| Untracked |  0
|  17|0x0000000082700000, 0x0000000082700000, 0x0000000082800000|  0%| F|  |TAMS 0x0000000082700000| PB 0x0000000082700000| Untracked |  0
|  18|0x0000000082800000, 0x0000000082800000, 0x0000000082900000|  0%| F|  |TAMS 0x0000000082800000| PB 0x0000000082800000| Untracked |  0
|  19|0x0000000082900000, 0x0000000082900000, 0x0000000082a00000|  0%| F|  |TAMS 0x0000000082900000| PB 0x0000000082900000| Untracked |  0
|  20|0x0000000082a00000, 0x0000000082a00000, 0x0000000082b00000|  0%| F|  |TAMS 0x0000000082a00000| PB 0x0000000082a00000| Untracked |  0
|  21|0x0000000082b00000, 0x0000000082b00000, 0x0000000082c00000|  0%| F|  |TAMS 0x0000000082b00000| PB 0x0000000082b00000| Untracked |  0
|  22|0x0000000082c00000, 0x0000000082c00000, 0x0000000082d00000|  0%| F|  |TAMS 0x0000000082c00000| PB 0x0000000082c00000| Untracked |  0
|  23|0x0000000082d00000, 0x0000000082d00000, 0x0000000082e00000|  0%| F|  |TAMS 0x0000000082d00000| PB 0x0000000082d00000| Untracked |  0
|  24|0x0000000082e00000, 0x0000000082e00000, 0x0000000082f00000|  0%| F|  |TAMS 0x0000000082e00000| PB 0x0000000082e00000| Untracked |  0
|  25|0x0000000082f00000, 0x0000000082f00000, 0x0000000083000000|  0%| F|  |TAMS 0x0000000082f00000| PB 0x0000000082f00000| Untracked |  0
|  26|0x0000000083000000, 0x0000000083000000, 0x0000000083100000|  0%| F|  |TAMS 0x0000000083000000| PB 0x0000000083000000| Untracked |  0
|  27|0x0000000083100000, 0x0000000083100000, 0x0000000083200000|  0%| F|  |TAMS 0x0000000083100000| PB 0x0000000083100000| Untracked |  0
|  28|0x0000000083200000, 0x0000000083200000, 0x0000000083300000|  0%| F|  |TAMS 0x0000000083200000| PB 0x0000000083200000| Untracked |  0
|  29|0x0000000083300000, 0x0000000083300000, 0x0000000083400000|  0%| F|  |TAMS 0x0000000083300000| PB 0x0000000083300000| Untracked |  0
|  30|0x0000000083400000, 0x0000000083400000, 0x0000000083500000|  0%| F|  |TAMS 0x0000000083400000| PB 0x0000000083400000| Untracked |  0
|  31|0x0000000083500000, 0x0000000083500000, 0x0000000083600000|  0%| F|  |TAMS 0x0000000083500000| PB 0x0000000083500000| Untracked |  0
|  32|0x0000000083600000, 0x0000000083600000, 0x0000000083700000|  0%| F|  |TAMS 0x0000000083600000| PB 0x0000000083600000| Untracked |  0
|  33|0x0000000083700000, 0x0000000083700000, 0x0000000083800000|  0%| F|  |TAMS 0x0000000083700000| PB 0x0000000083700000| Untracked |  0
|  34|0x0000000083800000, 0x0000000083800000, 0x0000000083900000|  0%| F|  |TAMS 0x0000000083800000| PB 0x0000000083800000| Untracked |  0
|  35|0x0000000083900000, 0x0000000083900000, 0x0000000083a00000|  0%| F|  |TAMS 0x0000000083900000| PB 0x0000000083900000| Untracked |  0
|  36|0x0000000083a00000, 0x0000000083a00000, 0x0000000083b00000|  0%| F|  |TAMS 0x0000000083a00000| PB 0x0000000083a00000| Untracked |  0
|  37|0x0000000083b00000, 0x0000000083b00000, 0x0000000083c00000|  0%| F|  |TAMS 0x0000000083b00000| PB 0x0000000083b00000| Untracked |  0
|  38|0x0000000083c00000, 0x0000000083c00000, 0x0000000083d00000|  0%| F|  |TAMS 0x0000000083c00000| PB 0x0000000083c00000| Untracked |  0
|  39|0x0000000083d00000, 0x0000000083d00000, 0x0000000083e00000|  0%| F|  |TAMS 0x0000000083d00000| PB 0x0000000083d00000| Untracked |  0
|  40|0x0000000083e00000, 0x0000000083e00000, 0x0000000083f00000|  0%| F|  |TAMS 0x0000000083e00000| PB 0x0000000083e00000| Untracked |  0
|  41|0x0000000083f00000, 0x0000000083f00000, 0x0000000084000000|  0%| F|  |TAMS 0x0000000083f00000| PB 0x0000000083f00000| Untracked |  0
|  42|0x0000000084000000, 0x0000000084000000, 0x0000000084100000|  0%| F|  |TAMS 0x0000000084000000| PB 0x0000000084000000| Untracked |  0
|  43|0x0000000084100000, 0x0000000084100000, 0x0000000084200000|  0%| F|  |TAMS 0x0000000084100000| PB 0x0000000084100000| Untracked |  0
|  44|0x0000000084200000, 0x0000000084200000, 0x0000000084300000|  0%| F|  |TAMS 0x0000000084200000| PB 0x0000000084200000| Untracked |  0
|  45|0x0000000084300000, 0x0000000084300000, 0x0000000084400000|  0%| F|  |TAMS 0x0000000084300000| PB 0x0000000084300000| Untracked |  0
|  46|0x0000000084400000, 0x0000000084400000, 0x0000000084500000|  0%| F|  |TAMS 0x0000000084400000| PB 0x0000000084400000| Untracked |  0
|  47|0x0000000084500000, 0x0000000084500000, 0x0000000084600000|  0%| F|  |TAMS 0x0000000084500000| PB 0x0000000084500000| Untracked |  0
|  48|0x0000000084600000, 0x0000000084600000, 0x0000000084700000|  0%| F|  |TAMS 0x0000000084600000| PB 0x0000000084600000| Untracked |  0
|  49|0x0000000084700000, 0x0000000084700000, 0x0000000084800000|  0%| F|  |TAMS 0x0000000084700000| PB 0x0000000084700000| Untracked |  0
|  50|0x0000000084800000, 0x0000000084800000, 0x0000000084900000|  0%| F|  |TAMS 0x0000000084800000| PB 0x0000000084800000| Untracked |  0
|  51|0x0000000084900000, 0x0000000084900000, 0x0000000084a00000|  0%| F|  |TAMS 0x0000000084900000| PB 0x0000000084900000| Untracked |  0
|  52|0x0000000084a00000, 0x0000000084a00000, 0x0000000084b00000|  0%| F|  |TAMS 0x0000000084a00000| PB 0x0000000084a00000| Untracked |  0
|  53|0x0000000084b00000, 0x0000000084b00000, 0x0000000084c00000|  0%| F|  |TAMS 0x0000000084b00000| PB 0x0000000084b00000| Untracked |  0
|  54|0x0000000084c00000, 0x0000000084c00000, 0x0000000084d00000|  0%| F|  |TAMS 0x0000000084c00000| PB 0x0000000084c00000| Untracked |  0
|  55|0x0000000084d00000, 0x0000000084d00000, 0x0000000084e00000|  0%| F|  |TAMS 0x0000000084d00000| PB 0x0000000084d00000| Untracked |  0
|  56|0x0000000084e00000, 0x0000000084e00000, 0x0000000084f00000|  0%| F|  |TAMS 0x0000000084e00000| PB 0x0000000084e00000| Untracked |  0
|  57|0x0000000084f00000, 0x0000000084f00000, 0x0000000085000000|  0%| F|  |TAMS 0x0000000084f00000| PB 0x0000000084f00000| Untracked |  0
|  58|0x0000000085000000, 0x0000000085000000, 0x0000000085100000|  0%| F|  |TAMS 0x0000000085000000| PB 0x0000000085000000| Untracked |  0
|  59|0x0000000085100000, 0x0000000085100000, 0x0000000085200000|  0%| F|  |TAMS 0x0000000085100000| PB 0x0000000085100000| Untracked |  0
|  60|0x0000000085200000, 0x0000000085200000, 0x0000000085300000|  0%| F|  |TAMS 0x0000000085200000| PB 0x0000000085200000| Untracked |  0
|  61|0x0000000085300000, 0x0000000085300000, 0x0000000085400000|  0%| F|  |TAMS 0x0000000085300000| PB 0x0000000085300000| Untracked |  0
|  62|0x0000000085400000, 0x0000000085400000, 0x0000000085500000|  0%| F|  |TAMS 0x0000000085400000| PB 0x0000000085400000| Untracked |  0
|  63|0x0000000085500000, 0x0000000085500000, 0x0000000085600000|  0%| F|  |TAMS 0x0000000085500000| PB 0x0000000085500000| Untracked |  0
|  64|0x0000000085600000, 0x0000000085600000, 0x0000000085700000|  0%| F|  |TAMS 0x0000000085600000| PB 0x0000000085600000| Untracked |  0
|  65|0x0000000085700000, 0x0000000085700000, 0x0000000085800000|  0%| F|  |TAMS 0x0000000085700000| PB 0x0000000085700000| Untracked |  0
|  66|0x0000000085800000, 0x0000000085800000, 0x0000000085900000|  0%| F|  |TAMS 0x0000000085800000| PB 0x0000000085800000| Untracked |  0
|  67|0x0000000085900000, 0x0000000085900000, 0x0000000085a00000|  0%| F|  |TAMS 0x0000000085900000| PB 0x0000000085900000| Untracked |  0
|  68|0x0000000085a00000, 0x0000000085a00000, 0x0000000085b00000|  0%| F|  |TAMS 0x0000000085a00000| PB 0x0000000085a00000| Untracked |  0
|  69|0x0000000085b00000, 0x0000000085b00000, 0x0000000085c00000|  0%| F|  |TAMS 0x0000000085b00000| PB 0x0000000085b00000| Untracked |  0
|  70|0x0000000085c00000, 0x0000000085c00000, 0x0000000085d00000|  0%| F|  |TAMS 0x0000000085c00000| PB 0x0000000085c00000| Untracked |  0
|  71|0x0000000085d00000, 0x0000000085d00000, 0x0000000085e00000|  0%| F|  |TAMS 0x0000000085d00000| PB 0x0000000085d00000| Untracked |  0
|  72|0x0000000085e00000, 0x0000000085e00000, 0x0000000085f00000|  0%| F|  |TAMS 0x0000000085e00000| PB 0x0000000085e00000| Untracked |  0
|  73|0x0000000085f00000, 0x0000000085f00000, 0x0000000086000000|  0%| F|  |TAMS 0x0000000085f00000| PB 0x0000000085f00000| Untracked |  0
|  74|0x0000000086000000, 0x0000000086000000, 0x0000000086100000|  0%| F|  |TAMS 0x0000000086000000| PB 0x0000000086000000| Untracked |  0
|  75|0x0000000086100000, 0x0000000086100000, 0x0000000086200000|  0%| F|  |TAMS 0x0000000086100000| PB 0x0000000086100000| Untracked |  0
|  76|0x0000000086200000, 0x0000000086200000, 0x0000000086300000|  0%| F|  |TAMS 0x0000000086200000| PB 0x0000000086200000| Untracked |  0
|  77|0x0000000086300000, 0x0000000086300000, 0x0000000086400000|  0%| F|  |TAMS 0x0000000086300000| PB 0x0000000086300000| Untracked |  0
|  78|0x0000000086400000, 0x0000000086400000, 0x0000000086500000|  0%| F|  |TAMS 0x0000000086400000| PB 0x0000000086400000| Untracked |  0
|  79|0x0000000086500000, 0x0000000086500000, 0x0000000086600000|  0%| F|  |TAMS 0x0000000086500000| PB 0x0000000086500000| Untracked |  0
|  80|0x0000000086600000, 0x0000000086600000, 0x0000000086700000|  0%| F|  |TAMS 0x0000000086600000| PB 0x0000000086600000| Untracked |  0
|  81|0x0000000086700000, 0x0000000086700000, 0x0000000086800000|  0%| F|  |TAMS 0x0000000086700000| PB 0x0000000086700000| Untracked |  0
|  82|0x0000000086800000, 0x0000000086800000, 0x0000000086900000|  0%| F|  |TAMS 0x0000000086800000| PB 0x0000000086800000| Untracked |  0
|  83|0x0000000086900000, 0x0000000086900000, 0x0000000086a00000|  0%| F|  |TAMS 0x0000000086900000| PB 0x0000000086900000| Untracked |  0
|  84|0x0000000086a00000, 0x0000000086a00000, 0x0000000086b00000|  0%| F|  |TAMS 0x0000000086a00000| PB 0x0000000086a00000| Untracked |  0
|  85|0x0000000086b00000, 0x0000000086b00000, 0x0000000086c00000|  0%| F|  |TAMS 0x0000000086b00000| PB 0x0000000086b00000| Untracked |  0
|  86|0x0000000086c00000, 0x0000000086c00000, 0x0000000086d00000|  0%| F|  |TAMS 0x0000000086c00000| PB 0x0000000086c00000| Untracked |  0
|  87|0x0000000086d00000, 0x0000000086d00000, 0x0000000086e00000|  0%| F|  |TAMS 0x0000000086d00000| PB 0x0000000086d00000| Untracked |  0
|  88|0x0000000086e00000, 0x0000000086e00000, 0x0000000086f00000|  0%| F|  |TAMS 0x0000000086e00000| PB 0x0000000086e00000| Untracked |  0
|  89|0x0000000086f00000, 0x0000000086f00000, 0x0000000087000000|  0%| F|  |TAMS 0x0000000086f00000| PB 0x0000000086f00000| Untracked |  0
|  90|0x0000000087000000, 0x0000000087000000, 0x0000000087100000|  0%| F|  |TAMS 0x0000000087000000| PB 0x0000000087000000| Untracked |  0
|  91|0x0000000087100000, 0x0000000087100000, 0x0000000087200000|  0%| F|  |TAMS 0x0000000087100000| PB 0x0000000087100000| Untracked |  0
|  92|0x0000000087200000, 0x0000000087200000, 0x0000000087300000|  0%| F|  |TAMS 0x0000000087200000| PB 0x0000000087200000| Untracked |  0
|  93|0x0000000087300000, 0x0000000087300000, 0x0000000087400000|  0%| F|  |TAMS 0x0000000087300000| PB 0x0000000087300000| Untracked |  0
|  94|0x0000000087400000, 0x0000000087400000, 0x0000000087500000|  0%| F|  |TAMS 0x0000000087400000| PB 0x0000000087400000| Untracked |  0
|  95|0x0000000087500000, 0x0000000087500000, 0x0000000087600000|  0%| F|  |TAMS 0x0000000087500000| PB 0x0000000087500000| Untracked |  0
|  96|0x0000000087600000, 0x0000000087600000, 0x0000000087700000|  0%| F|  |TAMS 0x0000000087600000| PB 0x0000000087600000| Untracked |  0
|  97|0x0000000087700000, 0x0000000087700000, 0x0000000087800000|  0%| F|  |TAMS 0x0000000087700000| PB 0x0000000087700000| Untracked |  0
|  98|0x0000000087800000, 0x0000000087800000, 0x0000000087900000|  0%| F|  |TAMS 0x0000000087800000| PB 0x0000000087800000| Untracked |  0
|  99|0x0000000087900000, 0x0000000087900000, 0x0000000087a00000|  0%| F|  |TAMS 0x0000000087900000| PB 0x0000000087900000| Untracked |  0
| 100|0x0000000087a00000, 0x0000000087a00000, 0x0000000087b00000|  0%| F|  |TAMS 0x0000000087a00000| PB 0x0000000087a00000| Untracked |  0
| 101|0x0000000087b00000, 0x0000000087b00000, 0x0000000087c00000|  0%| F|  |TAMS 0x0000000087b00000| PB 0x0000000087b00000| Untracked |  0
| 102|0x0000000087c00000, 0x0000000087c00000, 0x0000000087d00000|  0%| F|  |TAMS 0x0000000087c00000| PB 0x0000000087c00000| Untracked |  0
| 103|0x0000000087d00000, 0x0000000087d00000, 0x0000000087e00000|  0%| F|  |TAMS 0x0000000087d00000| PB 0x0000000087d00000| Untracked |  0
| 104|0x0000000087e00000, 0x0000000087e00000, 0x0000000087f00000|  0%| F|  |TAMS 0x0000000087e00000| PB 0x0000000087e00000| Untracked |  0
| 105|0x0000000087f00000, 0x0000000087f00000, 0x0000000088000000|  0%| F|  |TAMS 0x0000000087f00000| PB 0x0000000087f00000| Untracked |  0
| 106|0x0000000088000000, 0x0000000088000000, 0x0000000088100000|  0%| F|  |TAMS 0x0000000088000000| PB 0x0000000088000000| Untracked |  0
| 107|0x0000000088100000, 0x0000000088100000, 0x0000000088200000|  0%| F|  |TAMS 0x0000000088100000| PB 0x0000000088100000| Untracked |  0
| 108|0x0000000088200000, 0x0000000088200000, 0x0000000088300000|  0%| F|  |TAMS 0x0000000088200000| PB 0x0000000088200000| Untracked |  0
| 109|0x0000000088300000, 0x0000000088300000, 0x0000000088400000|  0%| F|  |TAMS 0x0000000088300000| PB 0x0000000088300000| Untracked |  0
| 110|0x0000000088400000, 0x0000000088400000, 0x0000000088500000|  0%| F|  |TAMS 0x0000000088400000| PB 0x0000000088400000| Untracked |  0
| 111|0x0000000088500000, 0x0000000088500000, 0x0000000088600000|  0%| F|  |TAMS 0x0000000088500000| PB 0x0000000088500000| Untracked |  0
| 112|0x0000000088600000, 0x0000000088600000, 0x0000000088700000|  0%| F|  |TAMS 0x0000000088600000| PB 0x0000000088600000| Untracked |  0
| 113|0x0000000088700000, 0x0000000088700000, 0x0000000088800000|  0%| F|  |TAMS 0x0000000088700000| PB 0x0000000088700000| Untracked |  0
| 114|0x0000000088800000, 0x0000000088800000, 0x0000000088900000|  0%| F|  |TAMS 0x0000000088800000| PB 0x0000000088800000| Untracked |  0
| 115|0x0000000088900000, 0x0000000088900000, 0x0000000088a00000|  0%| F|  |TAMS 0x0000000088900000| PB 0x0000000088900000| Untracked |  0
| 116|0x0000000088a00000, 0x0000000088a00000, 0x0000000088b00000|  0%| F|  |TAMS 0x0000000088a00000| PB 0x0000000088a00000| Untracked |  0
| 117|0x0000000088b00000, 0x0000000088b00000, 0x0000000088c00000|  0%| F|  |TAMS 0x0000000088b00000| PB 0x0000000088b00000| Untracked |  0
| 118|0x0000000088c00000, 0x0000000088c80000, 0x0000000088d00000| 50%| E|  |TAMS 0x0000000088c00000| PB 0x0000000088c00000| Complete |  0
| 119|0x0000000088d00000, 0x0000000088e00000, 0x0000000088e00000|100%| E|CS|TAMS 0x0000000088d00000| PB 0x0000000088d00000| Complete |  0
| 120|0x0000000088e00000, 0x0000000088f00000, 0x0000000088f00000|100%| E|CS|TAMS 0x0000000088e00000| PB 0x0000000088e00000| Complete |  0
| 121|0x0000000088f00000, 0x0000000089000000, 0x0000000089000000|100%| E|CS|TAMS 0x0000000088f00000| PB 0x0000000088f00000| Complete |  0
| 122|0x0000000089000000, 0x0000000089100000, 0x0000000089100000|100%| E|CS|TAMS 0x0000000089000000| PB 0x0000000089000000| Complete |  0
| 123|0x0000000089100000, 0x0000000089200000, 0x0000000089200000|100%| E|CS|TAMS 0x0000000089100000| PB 0x0000000089100000| Complete |  0
| 124|0x0000000089200000, 0x0000000089300000, 0x0000000089300000|100%| E|CS|TAMS 0x0000000089200000| PB 0x0000000089200000| Complete |  0
| 125|0x0000000089300000, 0x0000000089400000, 0x0000000089400000|100%| E|CS|TAMS 0x0000000089300000| PB 0x0000000089300000| Complete |  0
| 126|0x0000000089400000, 0x0000000089500000, 0x0000000089500000|100%| E|CS|TAMS 0x0000000089400000| PB 0x0000000089400000| Complete |  0
| 127|0x0000000089500000, 0x0000000089600000, 0x0000000089600000|100%| E|CS|TAMS 0x0000000089500000| PB 0x0000000089500000| Complete |  0
|2024|0x00000000ffe00000, 0x00000000fff00000, 0x00000000fff00000|100%| O|  |TAMS 0x00000000ffe00000| PB 0x00000000ffe00000| Untracked |  0
|2025|0x00000000fff00000, 0x00000000fff1d1c0, 0x0000000100000000| 11%| O|  |TAMS 0x00000000fff00000| PB 0x00000000fff00000| Untracked |  0

Card table byte_map: [0x000001c1a2e30000,0x000001c1a3230000] _byte_map_base: 0x000001c1a2a25000

Marking Bits: (CMBitMap*) 0x000001c18b1e4d50
 Bits: [0x000001c1a3230000, 0x000001c1a51d8000)

Polling page: 0x000001c188fa0000

Metaspace:

Usage:
  Non-class:      2.50 MB used.
      Class:    205.10 KB used.
       Both:      2.70 MB used.

Virtual space:
  Non-class space:       64.00 MB reserved,       2.56 MB (  4%) committed,  1 nodes.
      Class space:        1.00 GB reserved,     256.00 KB ( <1%) committed,  1 nodes.
             Both:        1.06 GB reserved,       2.81 MB ( <1%) committed. 

Chunk freelists:
   Non-Class:  10.84 MB
       Class:  15.62 MB
        Both:  26.46 MB

MaxMetaspaceSize: unlimited
CompressedClassSpaceSize: 1.00 GB
Initial GC threshold: 21.00 MB
Current GC threshold: 21.00 MB
CDS: on
 - commit_granule_bytes: 65536.
 - commit_granule_words: 8192.
 - virtual_space_node_default_size: 8388608.
 - enlarge_chunks_in_place: 1.
UseCompressedClassPointers 1, UseCompactObjectHeaders 0
Narrow klass pointer bits 32, Max shift 3
Narrow klass base: 0x000001c1a8000000, Narrow klass shift: 0
Encoding Range: [0x000001c1a8000000 - 0x000001c2a8000000), (4294967296 bytes)
Klass Range:    [0x000001c1a8000000 - 0x000001c1e9000000), (1090519040 bytes)
Klass ID Range:  [8 - 1090519033) (1090519025)


Internal statistics:

num_allocs_failed_limit: 0.
num_arena_births: 46.
num_arena_deaths: 0.
num_vsnodes_births: 2.
num_vsnodes_deaths: 0.
num_space_committed: 45.
num_space_uncommitted: 0.
num_chunks_returned_to_freelist: 0.
num_chunks_taken_from_freelist: 111.
num_chunk_merges: 0.
num_chunk_splits: 71.
num_chunks_enlarged: 52.
num_inconsistent_stats: 0.

CodeHeap 'non-profiled nmethods': size=120064Kb used=192Kb max_used=192Kb free=119871Kb
 bounds [0x000001c19b4f0000, 0x000001c19b760000, 0x000001c1a2a30000]
CodeHeap 'profiled nmethods': size=120000Kb used=894Kb max_used=894Kb free=119106Kb
 bounds [0x000001c193a30000, 0x000001c193ca0000, 0x000001c19af60000]
CodeHeap 'non-nmethods': size=5696Kb used=1277Kb max_used=1277Kb free=4419Kb
 bounds [0x000001c19af60000, 0x000001c19b1d0000, 0x000001c19b4f0000]
CodeCache: size=245760Kb, used=2363Kb, max_used=2363Kb, free=243396Kb
 total_blobs=1124, nmethods=689, adapters=339, full_count=0
Compilation: enabled, stopped_count=0, restarted_count=0

Compilation events (20 events):
Event: 0.428 Thread 0x000001c1a77c7c20  618       3       java.util.jar.JarFile::getEntry (35 bytes)
Event: 0.428 Thread 0x000001c1a77bcb70  619 %     4       java.lang.StringLatin1::indexOf @ 30 (121 bytes)
Event: 0.428 Thread 0x000001c1a77c7c20 nmethod 618 0x000001c193ae9b88 code [0x000001c193ae9d00, 0x000001c193aea1e0]
Event: 0.428 Thread 0x000001c1a77c7c20  617       3       java.util.jar.JarFile::getJarEntry (9 bytes)
Event: 0.428 Thread 0x000001c1a77c7c20 nmethod 617 0x000001c193aea208 code [0x000001c193aea320, 0x000001c193aea5b8]
Event: 0.428 Thread 0x000001c1a77c7c20  615       3       java.lang.String::indexOf (64 bytes)
Event: 0.429 Thread 0x000001c1a77c7c20 nmethod 615 0x000001c193aea608 code [0x000001c193aea780, 0x000001c193aead88]
Event: 0.431 Thread 0x000001c1a77c7c20  620       3       java.lang.invoke.InvokerBytecodeGenerator::classDesc (88 bytes)
Event: 0.432 Thread 0x000001c1a77c7c20 nmethod 620 0x000001c193aeae08 code [0x000001c193aeb020, 0x000001c193aebc78]
Event: 0.432 Thread 0x000001c1a77c7c20  621       1       java.lang.invoke.LambdaForm$BasicType::basicTypeKind (5 bytes)
Event: 0.432 Thread 0x000001c1a77c7c20 nmethod 621 0x000001c19b51dd88 code [0x000001c19b51de80, 0x000001c19b51df48]
Event: 0.432 Thread 0x000001c1a77c7c20  623       3       java.lang.invoke.MethodHandle::<init> (37 bytes)
Event: 0.432 Thread 0x000001c1a77c7c20 nmethod 623 0x000001c193aebd08 code [0x000001c193aebe80, 0x000001c193aec3e8]
Event: 0.432 Thread 0x000001c1a77c7c20  625       3       java.util.BitSet::checkInvariants (111 bytes)
Event: 0.432 Thread 0x000001c1a77c7c20 nmethod 625 0x000001c193aec488 code [0x000001c193aec5a0, 0x000001c193aec6d8]
Event: 0.432 Thread 0x000001c1a77c7c20  624       3       java.lang.invoke.LambdaForm::prepare (108 bytes)
Event: 0.433 Thread 0x000001c1a77c7c20 nmethod 624 0x000001c193aec788 code [0x000001c193aec940, 0x000001c193aed0a8]
Event: 0.434 Thread 0x000001c1a77c7c20  626  s    3       jdk.internal.loader.Resource::cachedInputStream (20 bytes)
Event: 0.434 Thread 0x000001c1a77c7c20 nmethod 626 0x000001c193aed108 code [0x000001c193aed240, 0x000001c193aed5f0]
Event: 0.434 Thread 0x000001c1a77c7c20  628       3       java.security.CodeSource::getCertificates (95 bytes)

GC Heap History (0 events):
No events

Dll operation events (9 events):
Event: 0.017 Loaded shared library C:\Program Files\Java\jdk-24.0.1\bin\java.dll
Event: 0.068 Loaded shared library C:\Program Files\Java\jdk-24.0.1\bin\jsvml.dll
Event: 0.156 Loaded shared library C:\Program Files\Java\jdk-24.0.1\bin\zip.dll
Event: 0.160 Loaded shared library C:\Program Files\Java\jdk-24.0.1\bin\instrument.dll
Event: 0.166 Loaded shared library C:\Program Files\Java\jdk-24.0.1\bin\net.dll
Event: 0.169 Loaded shared library C:\Program Files\Java\jdk-24.0.1\bin\nio.dll
Event: 0.173 Loaded shared library C:\Program Files\Java\jdk-24.0.1\bin\zip.dll
Event: 0.267 Loaded shared library C:\Program Files\Java\jdk-24.0.1\bin\extnet.dll
Event: 0.298 Loaded shared library C:\Program Files\Java\jdk-24.0.1\bin\jimage.dll

Deoptimization events (20 events):
Event: 0.347 Thread 0x000001c18b18c480 Uncommon trap: trap_request=0xffffffc6 fr.pc=0x000001c19b4ff818 relative=0x00000000000008d8
Event: 0.347 Thread 0x000001c18b18c480 Uncommon trap: reason=bimorphic_or_optimized_type_check action=maybe_recompile pc=0x000001c19b4ff818 method=java.util.HashMap.putVal(ILjava/lang/Object;Ljava/lang/Object;ZZ)Ljava/lang/Object; @ 56 c2
Event: 0.347 Thread 0x000001c18b18c480 DEOPT PACKING pc=0x000001c19b4ff818 sp=0x00000085c41fb820
Event: 0.347 Thread 0x000001c18b18c480 DEOPT UNPACKING pc=0x000001c19b071502 sp=0x00000085c41fb788 mode 2
Event: 0.347 Thread 0x000001c18b18c480 Uncommon trap: trap_request=0xffffffc6 fr.pc=0x000001c19b4ff818 relative=0x00000000000008d8
Event: 0.347 Thread 0x000001c18b18c480 Uncommon trap: reason=bimorphic_or_optimized_type_check action=maybe_recompile pc=0x000001c19b4ff818 method=java.util.HashMap.putVal(ILjava/lang/Object;Ljava/lang/Object;ZZ)Ljava/lang/Object; @ 56 c2
Event: 0.347 Thread 0x000001c18b18c480 DEOPT PACKING pc=0x000001c19b4ff818 sp=0x00000085c41fb820
Event: 0.347 Thread 0x000001c18b18c480 DEOPT UNPACKING pc=0x000001c19b071502 sp=0x00000085c41fb788 mode 2
Event: 0.347 Thread 0x000001c18b18c480 Uncommon trap: trap_request=0xffffffc6 fr.pc=0x000001c19b4ff818 relative=0x00000000000008d8
Event: 0.347 Thread 0x000001c18b18c480 Uncommon trap: reason=bimorphic_or_optimized_type_check action=maybe_recompile pc=0x000001c19b4ff818 method=java.util.HashMap.putVal(ILjava/lang/Object;Ljava/lang/Object;ZZ)Ljava/lang/Object; @ 56 c2
Event: 0.347 Thread 0x000001c18b18c480 DEOPT PACKING pc=0x000001c19b4ff818 sp=0x00000085c41fb820
Event: 0.347 Thread 0x000001c18b18c480 DEOPT UNPACKING pc=0x000001c19b071502 sp=0x00000085c41fb788 mode 2
Event: 0.347 Thread 0x000001c18b18c480 Uncommon trap: trap_request=0xffffffc6 fr.pc=0x000001c19b4ff818 relative=0x00000000000008d8
Event: 0.347 Thread 0x000001c18b18c480 Uncommon trap: reason=bimorphic_or_optimized_type_check action=maybe_recompile pc=0x000001c19b4ff818 method=java.util.HashMap.putVal(ILjava/lang/Object;Ljava/lang/Object;ZZ)Ljava/lang/Object; @ 56 c2
Event: 0.347 Thread 0x000001c18b18c480 DEOPT PACKING pc=0x000001c19b4ff818 sp=0x00000085c41fb820
Event: 0.347 Thread 0x000001c18b18c480 DEOPT UNPACKING pc=0x000001c19b071502 sp=0x00000085c41fb788 mode 2
Event: 0.366 Thread 0x000001c18b18c480 Uncommon trap: trap_request=0xffffff4d fr.pc=0x000001c19b516160 relative=0x0000000000000660
Event: 0.366 Thread 0x000001c18b18c480 Uncommon trap: reason=unstable_if action=reinterpret pc=0x000001c19b516160 method=java.util.HashMap.putVal(ILjava/lang/Object;Ljava/lang/Object;ZZ)Ljava/lang/Object; @ 181 c2
Event: 0.366 Thread 0x000001c18b18c480 DEOPT PACKING pc=0x000001c19b516160 sp=0x00000085c41fb3a0
Event: 0.366 Thread 0x000001c18b18c480 DEOPT UNPACKING pc=0x000001c19b071502 sp=0x00000085c41fb310 mode 2

Classes loaded (20 events):
Event: 0.421 Loading class java/util/concurrent/ConcurrentHashMap$KeySpliterator
Event: 0.421 Loading class java/util/concurrent/ConcurrentHashMap$KeySpliterator done
Event: 0.421 Loading class java/util/stream/SortedOps
Event: 0.421 Loading class java/util/stream/SortedOps done
Event: 0.421 Loading class java/util/stream/SortedOps$OfRef
Event: 0.421 Loading class java/util/stream/SortedOps$OfRef done
Event: 0.422 Loading class java/lang/invoke/DirectMethodHandle$Special
Event: 0.422 Loading class java/lang/invoke/DirectMethodHandle$Special done
Event: 0.424 Loading class java/util/stream/SortedOps$RefSortingSink
Event: 0.424 Loading class java/util/stream/SortedOps$AbstractRefSortingSink
Event: 0.424 Loading class java/util/stream/SortedOps$AbstractRefSortingSink done
Event: 0.424 Loading class java/util/stream/SortedOps$RefSortingSink done
Event: 0.430 Loading class java/io/InvalidObjectException
Event: 0.430 Loading class java/io/ObjectStreamException
Event: 0.430 Loading class java/io/ObjectStreamException done
Event: 0.430 Loading class java/io/InvalidObjectException done
Event: 0.430 Loading class java/lang/UnsupportedOperationException
Event: 0.430 Loading class java/lang/UnsupportedOperationException done
Event: 0.430 Loading class java/util/ConcurrentModificationException
Event: 0.430 Loading class java/util/ConcurrentModificationException done

Classes unloaded (0 events):
No events

Classes redefined (0 events):
No events

Internal exceptions (11 events):
Event: 0.241 Thread 0x000001c18b18c480 Exception <a 'java/lang/NoSuchMethodError'{0x0000000089113928}: 'void java.lang.invoke.DirectMethodHandle$Holder.invokeStatic(java.lang.Object, java.lang.Object, java.lang.Object)'> (0x0000000089113928) 
thrown [s\open\src\hotspot\share\interpreter\linkResolver.cpp, line 805]
Event: 0.250 Thread 0x000001c18b18c480 Exception <a 'java/lang/NoSuchMethodError'{0x00000000891484e8}: 'java.lang.Object java.lang.invoke.Invokers$Holder.invokeExact_MT(java.lang.Object, java.lang.Object, java.lang.Object, java.lang.Object, java.lang.Object)'> (0x00000000891484e8) 
thrown [s\open\src\hotspot\share\interpreter\linkResolver.cpp, line 805]
Event: 0.265 Thread 0x000001c1a7af6b10 Exception <a 'java/lang/NoSuchMethodError'{0x000000008918c4f8}: 'java.lang.Object java.lang.invoke.DirectMethodHandle$Holder.invokeStaticInit(java.lang.Object)'> (0x000000008918c4f8) 
thrown [s\open\src\hotspot\share\interpreter\linkResolver.cpp, line 805]
Event: 0.270 Thread 0x000001c1a7af6b10 Exception <a 'java/lang/NoSuchMethodError'{0x0000000089197108}: 'void java.lang.invoke.DirectMethodHandle$Holder.invokeStatic(java.lang.Object, java.lang.Object)'> (0x0000000089197108) 
thrown [s\open\src\hotspot\share\interpreter\linkResolver.cpp, line 805]
Event: 0.291 Thread 0x000001c18b18c480 Exception <a 'java/lang/NoSuchMethodError'{0x000000008906dde0}: 'java.lang.Object java.lang.invoke.DirectMethodHandle$Holder.invokeStaticInit(java.lang.Object, java.lang.Object, java.lang.Object)'> (0x000000008906dde0) 
thrown [s\open\src\hotspot\share\interpreter\linkResolver.cpp, line 805]
Event: 0.350 Thread 0x000001c18b18c480 Exception <a 'java/lang/NoSuchMethodError'{0x0000000088f89e00}: 'void java.lang.invoke.DirectMethodHandle$Holder.invokeStatic(java.lang.Object, java.lang.Object, java.lang.Object, java.lang.Object)'> (0x0000000088f89e00) 
thrown [s\open\src\hotspot\share\interpreter\linkResolver.cpp, line 805]
Event: 0.381 Thread 0x000001c18b18c480 Exception <a 'java/lang/NoSuchMethodError'{0x0000000088ffe1e8}: 'int java.lang.invoke.DirectMethodHandle$Holder.invokeStatic(java.lang.Object)'> (0x0000000088ffe1e8) 
thrown [s\open\src\hotspot\share\interpreter\linkResolver.cpp, line 805]
Event: 0.382 Thread 0x000001c18b18c480 Exception <a 'java/lang/NoSuchMethodError'{0x0000000088e067d8}: 'int java.lang.invoke.DirectMethodHandle$Holder.invokeStaticInit(java.lang.Object)'> (0x0000000088e067d8) 
thrown [s\open\src\hotspot\share\interpreter\linkResolver.cpp, line 805]
Event: 0.399 Thread 0x000001c18b18c480 Exception <a 'java/lang/NoSuchMethodError'{0x0000000088e6ef30}: 'java.lang.Object java.lang.invoke.DirectMethodHandle$Holder.invokeStatic(java.lang.Object, int, java.lang.Object)'> (0x0000000088e6ef30) 
thrown [s\open\src\hotspot\share\interpreter\linkResolver.cpp, line 805]
Event: 0.404 Thread 0x000001c18b18c480 Exception <a 'java/lang/NoSuchMethodError'{0x0000000088e89938}: 'java.lang.Object java.lang.invoke.DirectMethodHandle$Holder.invokeInterface(java.lang.Object, java.lang.Object)'> (0x0000000088e89938) 
thrown [s\open\src\hotspot\share\interpreter\linkResolver.cpp, line 805]
Event: 0.431 Thread 0x000001c18b18c480 Exception <a 'java/lang/NoSuchMethodError'{0x0000000088d154f8}: 'void java.lang.invoke.DirectMethodHandle$Holder.invokeStaticInit(java.lang.Object, java.lang.Object, java.lang.Object, java.lang.Object)'> (0x0000000088d154f8) 
thrown [s\open\src\hotspot\share\interpreter\linkResolver.cpp, line 805]

VM Operations (6 events):
Event: 0.136 Executing VM operation: HandshakeAllThreads (Deoptimize)
Event: 0.136 Executing VM operation: HandshakeAllThreads (Deoptimize) done
Event: 0.346 Executing VM operation: HandshakeAllThreads (Deoptimize)
Event: 0.347 Executing VM operation: HandshakeAllThreads (Deoptimize) done
Event: 0.411 Executing VM operation: HandshakeAllThreads (Deoptimize)
Event: 0.411 Executing VM operation: HandshakeAllThreads (Deoptimize) done

Memory protections (0 events):
No events

Nmethod flushes (0 events):
No events

Events (12 events):
Event: 0.040 Thread 0x000001c18b18c480 Thread added: 0x000001c18b18c480
Event: 0.057 Thread 0x000001c18b18c480 Thread added: 0x000001c1a77b4500
Event: 0.057 Thread 0x000001c18b18c480 Thread added: 0x000001c1a77b5710
Event: 0.058 Thread 0x000001c18b18c480 Thread added: 0x000001c1a77b7670
Event: 0.058 Thread 0x000001c18b18c480 Thread added: 0x000001c1a77ba6b0
Event: 0.059 Thread 0x000001c18b18c480 Thread added: 0x000001c1a77bb1e0
Event: 0.061 Thread 0x000001c18b18c480 Thread added: 0x000001c1a77bbd10
Event: 0.061 Thread 0x000001c18b18c480 Thread added: 0x000001c1a77bcb70
Event: 0.063 Thread 0x000001c18b18c480 Thread added: 0x000001c1a77c7c20
Event: 0.163 Thread 0x000001c18b18c480 Thread added: 0x000001c1a79f2e30
Event: 0.254 Thread 0x000001c18b18c480 Thread added: 0x000001c1a7af6b10
Event: 0.254 Thread 0x000001c18b18c480 Thread added: 0x000001c1a7af7250


Dynamic libraries:
0x00007ff64c350000 - 0x00007ff64c360000 	C:\Program Files\Java\jdk-24.0.1\bin\java.exe
0x00007fff3d9f0000 - 0x00007fff3dc08000 	C:\Windows\SYSTEM32\ntdll.dll
0x00007fff3cdf0000 - 0x00007fff3ceb4000 	C:\Windows\System32\KERNEL32.DLL
0x00007fff3b140000 - 0x00007fff3b513000 	C:\Windows\System32\KERNELBASE.dll
0x00007fff3ab00000 - 0x00007fff3ac11000 	C:\Windows\System32\ucrtbase.dll
0x00007fff30e40000 - 0x00007fff30e5b000 	C:\Program Files\Java\jdk-24.0.1\bin\VCRUNTIME140.dll
0x00007fff33260000 - 0x00007fff33276000 	C:\Program Files\Java\jdk-24.0.1\bin\jli.dll
0x00007fff3d3f0000 - 0x00007fff3d5a2000 	C:\Windows\System32\USER32.dll
0x00007fff3acc0000 - 0x00007fff3ace6000 	C:\Windows\System32\win32u.dll
0x00007fff3c470000 - 0x00007fff3c499000 	C:\Windows\System32\GDI32.dll
0x00007fff3afa0000 - 0x00007fff3b0bb000 	C:\Windows\System32\gdi32full.dll
0x00007fff3ac20000 - 0x00007fff3acba000 	C:\Windows\System32\msvcp_win.dll
0x00007fff2f380000 - 0x00007fff2f61c000 	C:\Windows\WinSxS\amd64_microsoft.windows.common-controls_6595b64144ccf1df_6.0.22621.6060_none_2712eda17382d24b\COMCTL32.dll
0x00007fff3d720000 - 0x00007fff3d7c7000 	C:\Windows\System32\msvcrt.dll
0x00007fff3c860000 - 0x00007fff3c891000 	C:\Windows\System32\IMM32.DLL
0x00007fff37920000 - 0x00007fff3792c000 	C:\Program Files\Java\jdk-24.0.1\bin\vcruntime140_1.dll
0x00007fff22630000 - 0x00007fff226be000 	C:\Program Files\Java\jdk-24.0.1\bin\msvcp140.dll
0x00007ffef2bc0000 - 0x00007ffef3962000 	C:\Program Files\Java\jdk-24.0.1\bin\server\jvm.dll
0x00007fff3d150000 - 0x00007fff3d201000 	C:\Windows\System32\ADVAPI32.dll
0x00007fff3ccd0000 - 0x00007fff3cd78000 	C:\Windows\System32\sechost.dll
0x00007fff3af70000 - 0x00007fff3af98000 	C:\Windows\System32\bcrypt.dll
0x00007fff3d030000 - 0x00007fff3d148000 	C:\Windows\System32\RPCRT4.dll
0x00007fff3c8a0000 - 0x00007fff3c911000 	C:\Windows\System32\WS2_32.dll
0x00007fff39910000 - 0x00007fff3995d000 	C:\Windows\SYSTEM32\POWRPROF.dll
0x00007fff35f20000 - 0x00007fff35f54000 	C:\Windows\SYSTEM32\WINMM.dll
0x00007fff378c0000 - 0x00007fff378ca000 	C:\Windows\SYSTEM32\VERSION.dll
0x00007fff398f0000 - 0x00007fff39903000 	C:\Windows\SYSTEM32\UMPDC.dll
0x00007fff39b90000 - 0x00007fff39ba8000 	C:\Windows\SYSTEM32\kernel.appcore.dll
0x00007fff30db0000 - 0x00007fff30dba000 	C:\Program Files\Java\jdk-24.0.1\bin\jimage.dll
0x00007fff25650000 - 0x00007fff25883000 	C:\Windows\SYSTEM32\DBGHELP.DLL
0x00007fff3c920000 - 0x00007fff3ccb1000 	C:\Windows\System32\combase.dll
0x00007fff3d2a0000 - 0x00007fff3d378000 	C:\Windows\System32\OLEAUT32.dll
0x00007fff237e0000 - 0x00007fff23812000 	C:\Windows\SYSTEM32\dbgcore.DLL
0x00007fff3b0c0000 - 0x00007fff3b13b000 	C:\Windows\System32\bcryptPrimitives.dll
0x00007fff370b0000 - 0x00007fff370bf000 	C:\Program Files\Java\jdk-24.0.1\bin\instrument.dll
0x00007fff30d90000 - 0x00007fff30dae000 	C:\Program Files\Java\jdk-24.0.1\bin\java.dll
0x00007fff3c4a0000 - 0x00007fff3c641000 	C:\Windows\System32\ole32.dll
0x00007fff3bbd0000 - 0x00007fff3c46c000 	C:\Windows\System32\SHELL32.dll
0x00007fff3adb0000 - 0x00007fff3aeef000 	C:\Windows\System32\wintypes.dll
0x00007fff389c0000 - 0x00007fff392da000 	C:\Windows\SYSTEM32\windows.storage.dll
0x00007fff3c6a0000 - 0x00007fff3c7a4000 	C:\Windows\System32\SHCORE.dll
0x00007fff3cd80000 - 0x00007fff3cde9000 	C:\Windows\System32\shlwapi.dll
0x00007fff3aa30000 - 0x00007fff3aa55000 	C:\Windows\SYSTEM32\profapi.dll
0x00007fff04600000 - 0x00007fff046d7000 	C:\Program Files\Java\jdk-24.0.1\bin\jsvml.dll
0x00007fff29280000 - 0x00007fff29297000 	C:\Program Files\Java\jdk-24.0.1\bin\zip.dll
0x00007fff2c1e0000 - 0x00007fff2c1f0000 	C:\Program Files\Java\jdk-24.0.1\bin\net.dll
0x00007fff3a060000 - 0x00007fff3a0c9000 	C:\Windows\system32\mswsock.dll
0x00007fff2bfe0000 - 0x00007fff2bff6000 	C:\Program Files\Java\jdk-24.0.1\bin\nio.dll
0x00007fff29100000 - 0x00007fff29109000 	C:\Program Files\Java\jdk-24.0.1\bin\extnet.dll

JVMTI agents:
C:\Program Files\JetBrains\IntelliJ IDEA Community Edition 2025.1\lib\idea_rt.jar path:C:\Program Files\Java\jdk-24.0.1\bin\instrument.dll, loaded, initialized, instrumentlib options:54474

dbghelp: loaded successfully - version: 4.0.5 - missing functions: none
symbol engine: initialized successfully - sym options: 0x614 - pdb path: .;C:\Program Files\Java\jdk-24.0.1\bin;C:\Windows\SYSTEM32;C:\Windows\WinSxS\amd64_microsoft.windows.common-controls_6595b64144ccf1df_6.0.22621.6060_none_2712eda17382d24b;C:\Program Files\Java\jdk-24.0.1\bin\server

VM Arguments:
jvm_args: -javaagent:C:\Program Files\JetBrains\IntelliJ IDEA Community Edition 2025.1\lib\idea_rt.jar=54474 -Dfile.encoding=UTF-8 -Dsun.stdout.encoding=UTF-8 -Dsun.stderr.encoding=UTF-8 
java_command: io.github.henriquempereira.screenmatch.ScreenmatchApplication
java_class_path (initial): C:\Users\adm\OneDrive\Desktop\Java\Alura\Alura-Java-Journey\SpringScreenMatch\screenmatch\target\classes;C:\Users\adm\.m2\repository\org\springframework\boot\spring-boot-starter\4.0.2\spring-boot-starter-4.0.2.jar;C:\Users\adm\.m2\repository\org\springframework\boot\spring-boot-starter-logging\4.0.2\spring-boot-starter-logging-4.0.2.jar;C:\Users\adm\.m2\repository\ch\qos\logback\logback-classic\1.5.25\logback-classic-1.5.25.jar;C:\Users\adm\.m2\repository\ch\qos\logback\logback-core\1.5.25\logback-core-1.5.25.jar;C:\Users\adm\.m2\repository\org\apache\logging\log4j\log4j-to-slf4j\2.25.3\log4j-to-slf4j-2.25.3.jar;C:\Users\adm\.m2\repository\org\apache\logging\log4j\log4j-api\2.25.3\log4j-api-2.25.3.jar;C:\Users\adm\.m2\repository\org\slf4j\jul-to-slf4j\2.0.17\jul-to-slf4j-2.0.17.jar;C:\Users\adm\.m2\repository\org\springframework\boot\spring-boot-autoconfigure\4.0.2\spring-boot-autoconfigure-4.0.2.jar;C:\Users\adm\.m2\repository\org\springframework\boot\spring-boot\4.0.2\spring-boot-4.0.2.jar;C:\Users\adm\.m2\repository\org\springframework\spring-context\7.0.3\spring-context-7.0.3.jar;C:\Users\adm\.m2\repository\org\springframework\spring-aop\7.0.3\spring-aop-7.0.3.jar;C:\Users\adm\.m2\repository\org\springframework\spring-beans\7.0.3\spring-beans-7.0.3.jar;C:\Users\adm\.m2\repository\org\springframework\spring-expression\7.0.3\spring-expression-7.0.3.jar;C:\Users\adm\.m2\repository\io\micrometer\micrometer-observation\1.16.2\micrometer-observation-1.16.2.jar;C:\Users\adm\.m2\repository\io\micrometer\micrometer-commons\1.16.2\micrometer-commons-1.16.2.jar;C:\Users\adm\.m2\repository\jakarta\annotation\jakarta.annotation-api\3.0.0\jakarta.annotation-api-3.0.0.jar;C:\Users\adm\.m2\repository\org\yaml\snakeyaml\2.5\snakeyaml-2.5.jar;C:\Users\adm\.m2\repository\org\slf4j\slf4j-api\2.0.17\slf4j-api-2.0.17.jar;C:\Users\adm\.m2\repository\org\springframework\spring-core\7.0.3\spring-core-7.0.3.jar;C:\Users\adm\.m2\repository\commons-logging\commons-logging\1.3.5\commons-logging-1.3.5.jar;C:\Users\adm\.m2\repository\org\jspecify\jspecify\1.0.0\jspecify-1.0.0.jar;C:\Users\adm\.m2\repository\com\fasterxml\jackson\core\jackson-databind\2.21.0\jackson-databind-2.21.0.jar;C:\Users\adm\.m2\repository\com\fasterxml\jackson\core\jackson-annotations\2.20\jackson-annotations-2.20.jar;C:\Users\adm\.m2\repository\com\fasterxml\jackson\core\jackson-core\2.20.2\jackson-core-2.20.2.jar
Launcher Type: SUN_STANDARD

[Global flags]
     intx CICompilerCount                          = 3                                         {product} {ergonomic}
     uint ConcGCThreads                            = 1                                         {product} {ergonomic}
     uint G1ConcRefinementThreads                  = 4                                         {product} {ergonomic}
   size_t G1HeapRegionSize                         = 1048576                                   {product} {ergonomic}
   size_t InitialHeapSize                          = 134217728                                 {product} {ergonomic}
   size_t MarkStackSize                            = 4194304                                   {product} {ergonomic}
   size_t MarkStackSizeMax                         = 536870912                                 {product} {ergonomic}
   size_t MaxHeapSize                              = 2124414976                                {product} {ergonomic}
   size_t MaxNewSize                               = 1274019840                                {product} {ergonomic}
   size_t MinHeapDeltaBytes                        = 1048576                                   {product} {ergonomic}
   size_t MinHeapSize                              = 8388608                                   {product} {ergonomic}
    uintx NonNMethodCodeHeapSize                   = 5832704                                {pd product} {ergonomic}
    uintx NonProfiledCodeHeapSize                  = 122945536                              {pd product} {ergonomic}
    uintx ProfiledCodeHeapSize                     = 122880000                              {pd product} {ergonomic}
    uintx ReservedCodeCacheSize                    = 251658240                              {pd product} {ergonomic}
     bool SegmentedCodeCache                       = true                                      {product} {ergonomic}
   size_t SoftMaxHeapSize                          = 2124414976                             {manageable} {ergonomic}
     bool UseCompressedOops                        = true                           {product lp64_product} {ergonomic}
     bool UseG1GC                                  = true                                      {product} {ergonomic}
     bool UseLargePagesIndividualAllocation        = false                                  {pd product} {ergonomic}

Logging:
Log output configuration:
 #0: stdout all=warning uptime,level,tags foldmultilines=false
 #1: stderr all=off uptime,level,tags foldmultilines=false

Environment Variables:
JAVA_HOME=C:\Program Files\Java\jdk-24.0.1
PATH=C:\Windows\system32;C:\Windows;C:\Windows\System32\Wbem;C:\Windows\System32\WindowsPowerShell\v1.0\;C:\Windows\System32\OpenSSH\;C:\Program Files\Git\cmd;C:\Program Files\Docker\Docker\resources\bin;C:\Program Files\Java\jdk-24.0.1\bin;;C:\Program Files (x86)\Gpg4win\..\GnuPG\bin;C:\Program Files\MySQL\MySQL Shell 8.0\bin\;C:\Users\adm\AppData\Local\Programs\Python\Python312\Scripts\;C:\Users\adm\AppData\Local\Programs\Python\Python312\;C:\Users\adm\AppData\Local\Programs\Python\Launcher\;C:\Users\adm\AppData\Local\Microsoft\WindowsApps;C:\Users\adm\AppData\Local\Programs\Microsoft VS Code\bin;C:\Program Files\nodejs;;C:\Program Files\JetBrains\IntelliJ IDEA Community Edition 2025.1\bin;
USERNAME=adm
OS=Windows_NT
PROCESSOR_IDENTIFIER=Intel64 Family 6 Model 142 Stepping 9, GenuineIntel
TMP=C:\Users\adm\AppData\Local\Temp
TEMP=C:\Users\adm\AppData\Local\Temp




Periodic native trim disabled

---------------  S Y S T E M  ---------------

OS:
 Windows 11 , 64 bit Build 22621 (10.0.22621.5415)
OS uptime: 3 days 6:07 hours
Hyper-V role detected

CPU: total 4 (initial active 4) (2 cores per cpu, 2 threads per core) family 6 model 142 stepping 9 microcode 0xde, cx8, cmov, fxsr, ht, mmx, 3dnowpref, sse, sse2, sse3, ssse3, sse4.1, sse4.2, popcnt, lzcnt, tsc, tscinvbit, avx, avx2, aes, erms, clmul, bmi1, bmi2, adx, fma, vzeroupper, clflush, clflushopt, hv, rdtscp, f16c
Processor Information for the first 4 processors :
  Max Mhz: 2904, Current Mhz: 2703, Mhz Limit: 2700

Memory: 4k page, system-wide physical 8102M (403M free)
TotalPageFile size 10150M (AvailPageFile size 5M)
current process WorkingSet (physical memory assigned to process): 59M, peak: 59M
current process commit charge ("private bytes"): 215M, peak: 217M

vm_info: Java HotSpot(TM) 64-Bit Server VM (24.0.1+9-30) for windows-amd64 JRE (24.0.1+9-30), built on 2025-03-05T07:23:45Z with MS VC++ 17.6 (VS2022)

END.
