#
# There is insufficient memory for the Java Runtime Environment to continue.
# Native memory allocation (malloc) failed to allocate 32744 bytes. Error detail: Chunk::new
# Possible reasons:
#   The system is out of physical RAM or swap space
#   This process is running with CompressedOops enabled, and the Java Heap may be blocking the growth of the native heap
# Possible solutions:
#   Reduce memory load on the system
#   Increase physical memory or swap space
#   Check if swap backing store is full
#   Decrease Java heap size (-Xmx/-Xms)
#   Decrease number of Java threads
#   Decrease Java thread stack sizes (-Xss)
#   Set larger code cache with -XX:ReservedCodeCacheSize=
#   JVM is running with Unscaled Compressed Oops mode in which the Java heap is
#     placed in the first 4GB address space. The Java Heap base address is the
#     maximum limit for the native heap growth. Please use -XX:HeapBaseMinAddress
#     to set the Java Heap base and to place the Java Heap above 4GB virtual address.
# This output file may be truncated or incomplete.
#
#  Out of Memory Error (arena.cpp:162), pid=1436, tid=2948
#
# JRE version: Java(TM) SE Runtime Environment (24.0.1+9) (build 24.0.1+9-30)
# Java VM: Java HotSpot(TM) 64-Bit Server VM (24.0.1+9-30, mixed mode, sharing, tiered, compressed oops, compressed class ptrs, g1 gc, windows-amd64)
# No core dump will be written. Minidumps are not enabled by default on client versions of Windows
#

---------------  S U M M A R Y ------------

Command Line: -javaagent:C:\Program Files\JetBrains\IntelliJ IDEA Community Edition 2025.1\lib\idea_rt.jar=61231 -Dfile.encoding=UTF-8 -Dsun.stdout.encoding=UTF-8 -Dsun.stderr.encoding=UTF-8 io.github.henriquempereira.screenmatch.ScreenmatchApplication

Host: Intel(R) Core(TM) i7-7500U CPU @ 2.70GHz, 4 cores, 7G,  Windows 11 , 64 bit Build 22621 (10.0.22621.5415)
Time: Mon Feb  2 17:08:16 2026 Hora oficial do Brasil elapsed time: 0.358428 seconds (0d 0h 0m 0s)

---------------  T H R E A D  ---------------

Current thread (0x000002435d21c510):  JavaThread "main"             [_thread_in_vm, id=2948, stack(0x0000007704300000,0x0000007704400000) (1024K)]

Stack: [0x0000007704300000,0x0000007704400000]
Native frames: (J=compiled Java code, j=interpreted, Vv=VM code, C=native code)
V  [jvm.dll+0x730739]  (no source info available)
V  [jvm.dll+0x8d9b23]  (no source info available)
V  [jvm.dll+0x8dc00d]  (no source info available)
V  [jvm.dll+0x8dc683]  (no source info available)
V  [jvm.dll+0x2aa086]  (no source info available)
V  [jvm.dll+0xcedef]  (no source info available)
V  [jvm.dll+0xcf04f]  (no source info available)
V  [jvm.dll+0x83f5db]  (no source info available)
V  [jvm.dll+0x840db8]  (no source info available)
V  [jvm.dll+0x2b156e]  (no source info available)
V  [jvm.dll+0x2b1c9f]  (no source info available)
V  [jvm.dll+0x233b0a]  (no source info available)
V  [jvm.dll+0x23325d]  (no source info available)
V  [jvm.dll+0x6000cd]  (no source info available)
V  [jvm.dll+0x84b1a6]  (no source info available)
V  [jvm.dll+0x4b5eeb]  (no source info available)
V  [jvm.dll+0x4bba75]  (no source info available)
C  [java.dll+0x17ba]  (no source info available)
C  0x000002436cffce20  (no source info available)

The last pc belongs to native method entry point (kind = native) (printed below).
Java frames: (J=compiled Java code, j=interpreted, Vv=VM code)
j  java.lang.ClassLoader.defineClass1(Ljava/lang/ClassLoader;Ljava/lang/String;[BIILjava/security/ProtectionDomain;Ljava/lang/String;)Ljava/lang/Class;+0 java.base@24.0.1
j  java.lang.ClassLoader.defineClass(Ljava/lang/String;[BIILjava/security/ProtectionDomain;)Ljava/lang/Class;+27 java.base@24.0.1
j  java.security.SecureClassLoader.defineClass(Ljava/lang/String;[BIILjava/security/CodeSource;)Ljava/lang/Class;+12 java.base@24.0.1
j  jdk.internal.loader.BuiltinClassLoader.defineClass(Ljava/lang/String;Ljdk/internal/loader/Resource;)Ljava/lang/Class;+117 java.base@24.0.1
j  jdk.internal.loader.BuiltinClassLoader.findClassOnClassPathOrNull(Ljava/lang/String;)Ljava/lang/Class;+30 java.base@24.0.1
j  jdk.internal.loader.BuiltinClassLoader.loadClassOrNull(Ljava/lang/String;Z)Ljava/lang/Class;+111 java.base@24.0.1
j  jdk.internal.loader.BuiltinClassLoader.loadClass(Ljava/lang/String;Z)Ljava/lang/Class;+3 java.base@24.0.1
j  java.lang.ClassLoader.loadClass(Ljava/lang/String;)Ljava/lang/Class;+3 java.base@24.0.1
v  ~StubRoutines::call_stub 0x000002436cff0fcd
j  java.lang.ClassLoader.defineClass1(Ljava/lang/ClassLoader;Ljava/lang/String;[BIILjava/security/ProtectionDomain;Ljava/lang/String;)Ljava/lang/Class;+0 java.base@24.0.1
j  java.lang.ClassLoader.defineClass(Ljava/lang/String;[BIILjava/security/ProtectionDomain;)Ljava/lang/Class;+27 java.base@24.0.1
j  java.security.SecureClassLoader.defineClass(Ljava/lang/String;[BIILjava/security/CodeSource;)Ljava/lang/Class;+12 java.base@24.0.1
j  jdk.internal.loader.BuiltinClassLoader.defineClass(Ljava/lang/String;Ljdk/internal/loader/Resource;)Ljava/lang/Class;+117 java.base@24.0.1
j  jdk.internal.loader.BuiltinClassLoader.findClassOnClassPathOrNull(Ljava/lang/String;)Ljava/lang/Class;+30 java.base@24.0.1
j  jdk.internal.loader.BuiltinClassLoader.loadClassOrNull(Ljava/lang/String;Z)Ljava/lang/Class;+111 java.base@24.0.1
j  jdk.internal.loader.BuiltinClassLoader.loadClass(Ljava/lang/String;Z)Ljava/lang/Class;+3 java.base@24.0.1
j  java.lang.ClassLoader.loadClass(Ljava/lang/String;)Ljava/lang/Class;+3 java.base@24.0.1
v  ~StubRoutines::call_stub 0x000002436cff0fcd
j  java.lang.ClassLoader.defineClass1(Ljava/lang/ClassLoader;Ljava/lang/String;[BIILjava/security/ProtectionDomain;Ljava/lang/String;)Ljava/lang/Class;+0 java.base@24.0.1
j  java.lang.ClassLoader.defineClass(Ljava/lang/String;[BIILjava/security/ProtectionDomain;)Ljava/lang/Class;+27 java.base@24.0.1
j  java.security.SecureClassLoader.defineClass(Ljava/lang/String;[BIILjava/security/CodeSource;)Ljava/lang/Class;+12 java.base@24.0.1
j  jdk.internal.loader.BuiltinClassLoader.defineClass(Ljava/lang/String;Ljdk/internal/loader/Resource;)Ljava/lang/Class;+117 java.base@24.0.1
j  jdk.internal.loader.BuiltinClassLoader.findClassOnClassPathOrNull(Ljava/lang/String;)Ljava/lang/Class;+30 java.base@24.0.1
j  jdk.internal.loader.BuiltinClassLoader.loadClassOrNull(Ljava/lang/String;Z)Ljava/lang/Class;+111 java.base@24.0.1
j  jdk.internal.loader.BuiltinClassLoader.loadClass(Ljava/lang/String;Z)Ljava/lang/Class;+3 java.base@24.0.1
j  java.lang.ClassLoader.loadClass(Ljava/lang/String;)Ljava/lang/Class;+3 java.base@24.0.1
v  ~StubRoutines::call_stub 0x000002436cff0fcd
j  org.apache.logging.log4j.spi.Provider.<clinit>()V+0
v  ~StubRoutines::call_stub 0x000002436cff0fcd
j  java.lang.Class.forName0(Ljava/lang/String;ZLjava/lang/ClassLoader;Ljava/lang/Class;)Ljava/lang/Class;+0 java.base@24.0.1
j  java.lang.Class.forName(Ljava/lang/String;ZLjava/lang/ClassLoader;)Ljava/lang/Class;+4 java.base@24.0.1
j  org.apache.commons.logging.LogFactory.isClassAvailable(Ljava/lang/String;Ljava/lang/ClassLoader;)Z+13
j  org.apache.commons.logging.LogFactory.newStandardFactory(Ljava/lang/ClassLoader;)Lorg/apache/commons/logging/LogFactory;+4
j  org.apache.commons.logging.LogFactory.getFactory()Lorg/apache/commons/logging/LogFactory;+449
j  org.apache.commons.logging.LogFactory.getLog(Ljava/lang/Class;)Lorg/apache/commons/logging/Log;+0
j  org.springframework.boot.SpringApplication.<clinit>()V+2
v  ~StubRoutines::call_stub 0x000002436cff0fcd
j  io.github.henriquempereira.screenmatch.ScreenmatchApplication.main([Ljava/lang/String;)V+3
v  ~StubRoutines::call_stub 0x000002436cff0fcd
Lock stack of current Java thread (top to bottom):
LockStack[2]: java.lang.Object 
{0x00000000890f7650} - klass: 'java/lang/Object' - flags: 

 - ---- fields (total size 2 words):
LockStack[1]: java.lang.Object 
{0x00000000890e37e8} - klass: 'java/lang/Object' - flags: 

 - ---- fields (total size 2 words):
LockStack[0]: java.lang.Object 
{0x00000000890d63a8} - klass: 'java/lang/Object' - flags: 

 - ---- fields (total size 2 words):

native method entry point (kind = native)  [0x000002436cffca40, 0x000002436cffd478]  2616 bytes
[MachCode]
  0x000002436cffca40: 488b 4b08 | 0fb7 492e | 584c 8d74 | ccf8 6800 | 0000 0068 | 0000 0000 | 5055 488b | ec41 5568 
  0x000002436cffca60: 0000 0000 | 4c8b 6b08 | 4d8d 6d38 | 5348 8b53 | 0848 8b52 | 0848 8b52 | 1848 8b52 | 7048 8b12 
  0x000002436cffca80: 5248 8b53 | 1048 85d2 | 0f84 0700 | 0000 4881 | c208 0100 | 0052 488b | 5308 488b | 5208 488b 
  0x000002436cffcaa0: 5210 5249 | 8bc6 482b | c548 c1e8 | 0350 6800 | 0000 0068 | f7ff ffff | 41c6 8771 | 0400 0001 
  0x000002436cffcac0: 488b 4310 | 4885 c074 | 208b 88cc | 0000 0083 | c102 8988 | cc00 0000 | 2388 e000 | 0000 0f84 
  0x000002436cffcae0: e408 0000 | e9cd 0000 | 0048 8b43 | 1848 85c0 | 0f85 b000 | 0000 e805 | 0000 00e9 | 9900 0000 
  0x000002436cffcb00: 488b d348 | 8d44 2408 | 4c89 6dc0 | 498b cfc5 | f877 4989 | afb8 0300 | 0049 8987 | a803 0000 
  0x000002436cffcb20: 4883 ec20 | 40f6 c40f | 0f84 1900 | 0000 4883 | ec08 48b8 | 6030 fdf2 | fe7f 0000 | ffd0 4883 
  0x000002436cffcb40: c408 e90c | 0000 0048 | b860 30fd | f2fe 7f00 | 00ff d048 | 83c4 2049 | c787 a803 | 0000 0000 
  0x000002436cffcb60: 0000 49c7 | 87b8 0300 | 0000 0000 | 0049 c787 | b003 0000 | 0000 0000 | c5f8 7749 | 837f 0800 
  0x000002436cffcb80: 0f84 0500 | 0000 e935 | 43ff ff4c | 8b6d c04c | 8b75 c84e | 8d74 f500 | c348 8b43 | 1848 85c0 
  0x000002436cffcba0: 0f84 1000 | 0000 8b08 | 83c1 0289 | 0823 4814 | 0f84 1208 | 0000 493b | a7f0 0400 | 000f 8748 
  0x000002436cffcbc0: 0000 0089 | 8424 00f0 | ffff 8984 | 2400 e0ff | ff89 8424 | 00d0 ffff | 8984 2400 | c0ff ff89 
  0x000002436cffcbe0: 8424 00b0 | ffff 8984 | 2400 a0ff | ff89 8424 | 0090 ffff | 8984 2400 | 80ff ff49 | 3ba7 e804 
  0x000002436cffcc00: 0000 7607 | 4989 a7f0 | 0400 0041 | c687 7104 | 0000 0048 | 8b5d e84c | 8b5b 0845 | 0fb7 5b2e 
  0x000002436cffcc20: 41c1 e303 | 492b e348 | 83ec 2048 | 83e4 f04c | 8b5b 604d | 85db 0f85 | ab00 0000 | e805 0000 
  0x000002436cffcc40: 00e9 9900 | 0000 488b | d348 8d44 | 2408 4c89 | 6dc0 498b | cfc5 f877 | 4989 afb8 | 0300 0049 
  0x000002436cffcc60: 8987 a803 | 0000 4883 | ec20 40f6 | c40f 0f84 | 1900 0000 | 4883 ec08 | 48b8 a05a | fdf2 fe7f 
  0x000002436cffcc80: 0000 ffd0 | 4883 c408 | e90c 0000 | 0048 b8a0 | 5afd f2fe | 7f00 00ff | d048 83c4 | 2049 c787 
  0x000002436cffcca0: a803 0000 | 0000 0000 | 49c7 87b8 | 0300 0000 | 0000 0049 | c787 b003 | 0000 0000 | 0000 c5f8 
  0x000002436cffccc0: 7749 837f | 0800 0f84 | 0500 0000 | e9ef 41ff | ff4c 8b6d | c04c 8b75 | c84e 8d74 | f500 c348 
  0x000002436cffcce0: 8b5d e84c | 8b5b 6041 | ffd3 488b | 5de8 4889 | 4518 448b | 5b28 41f6 | c308 0f84 | 1b00 0000 
  0x000002436cffcd00: 4c8b 5b08 | 4d8b 5b08 | 4d8b 5b18 | 4d8b 5b70 | 4d8b 1b4c | 895d 1048 | 8d55 1048 | 8b43 5849 
  0x000002436cffcd20: ba40 7036 | f3fe 7f00 | 0049 3bc2 | 0f85 ab00 | 0000 e805 | 0000 00e9 | 9900 0000 | 488b d348 
  0x000002436cffcd40: 8d44 2408 | 4c89 6dc0 | 498b cfc5 | f877 4989 | afb8 0300 | 0049 8987 | a803 0000 | 4883 ec20 
  0x000002436cffcd60: 40f6 c40f | 0f84 1900 | 0000 4883 | ec08 48b8 | a05a fdf2 | fe7f 0000 | ffd0 4883 | c408 e90c 
  0x000002436cffcd80: 0000 0048 | b8a0 5afd | f2fe 7f00 | 00ff d048 | 83c4 2049 | c787 a803 | 0000 0000 | 0000 49c7 
  0x000002436cffcda0: 87b8 0300 | 0000 0000 | 0049 c787 | b003 0000 | 0000 0000 | c5f8 7749 | 837f 0800 | 0f84 0500 
  0x000002436cffcdc0: 0000 e9f9 | 40ff ff4c | 8b6d c04c | 8b75 c84e | 8d74 f500 | c348 8b5d | e848 8b43 | 5849 8d8f 
  0x000002436cffcde0: c803 0000 | 4c8d 15d5 | 0000 004d | 8997 b003 | 0000 c5f8 | 7749 89af | b803 0000 | 4989 a7a8 
  0x000002436cffce00: 0300 0041 | c787 5404 | 0000 0400 | 0000 493b | a748 0500 | 0076 0749 | 89a7 4805 | 0000 ffd0 
  0x000002436cffce20: 493b a748 | 0500 0072 | 0b49 c787 | 4805 0000 | 0000 0000 | c5f8 7748 | 83ec 10c5 | fb11 0424 
  0x000002436cffce40: 4883 ec10 | 4889 0424 | 48c7 4424 | 0800 0000 | 0041 c787 | 5404 0000 | 0500 0000 | f083 4424 
  0x000002436cffce60: c000 493b | 6f28 0f87 | 0e00 0000 | 4183 bf50 | 0400 0000 | 0f84 2000 | 0000 498b | cf4c 8be4 
  0x000002436cffce80: 4883 ec20 | 4883 e4f0 | 48b8 d0b9 | fef2 fe7f | 0000 ffd0 | 498b e44d | 33e4 41c7 | 8754 0400 
  0x000002436cffcea0: 0008 0000 | 004d 8b97 | 7005 0000 | 4983 fa00 | 7435 49c7 | 8770 0500 | 0000 0000 | 0041 ffe2 
  0x000002436cffcec0: 49ba 00bb | ff6c 4302 | 0000 41ff | d248 83ec | 10c5 fb11 | 0424 4883 | ec10 4889 | 0424 48c7 
  0x000002436cffcee0: 4424 0800 | 0000 0049 | c787 a803 | 0000 0000 | 0000 49c7 | 87b8 0300 | 0000 0000 | 0049 c787 
  0x000002436cffcf00: b003 0000 | 0000 0000 | c5f8 774d | 8b9f 3804 | 0000 41c7 | 8300 0100 | 0000 0000 | 0049 bb3a 
  0x000002436cffcf20: a4ff 6c43 | 0200 004c | 3b5d 180f | 8555 0100 | 0048 8b04 | 2448 83c4 | 1048 85c0 | 0f84 2f01 
  0x000002436cffcf40: 0000 a803 | 0f85 0800 | 0000 488b | 00e9 1f01 | 0000 a801 | 0f85 0900 | 0000 488b | 40fe e90e 
  0x000002436cffcf60: 0100 0048 | 8b40 ff41 | 807f 4800 | 0f84 ff00 | 0000 4883 | f800 0f84 | f500 0000 | 4d8b 5f38 
  0x000002436cffcf80: 4d85 db0f | 8414 0000 | 0049 83eb | 084d 895f | 384d 035f | 4049 8903 | e9d4 0000 | 0048 83ec 
  0x000002436cffcfa0: 7048 8904 | 2448 894c | 2408 4889 | 5424 104c | 8944 2418 | 4c89 4c24 | 204c 8954 | 2428 4c89 
  0x000002436cffcfc0: 5c24 30c5 | fb11 4424 | 40c5 fb11 | 4c24 48c5 | fb11 5424 | 50c5 fb11 | 5c24 58c5 | fb11 6424 
  0x000002436cffcfe0: 60c5 fb11 | 6c24 6849 | 8bd7 488b | c848 83ec | 2040 f6c4 | 0f0f 8419 | 0000 0048 | 83ec 0848 
  0x000002436cffd000: b890 49f1 | f2fe 7f00 | 00ff d048 | 83c4 08e9 | 0c00 0000 | 48b8 9049 | f1f2 fe7f | 0000 ffd0 
  0x000002436cffd020: 4883 c420 | c5fb 106c | 2468 c5fb | 1064 2460 | c5fb 105c | 2458 c5fb | 1054 2450 | c5fb 104c 
  0x000002436cffd040: 2448 c5fb | 1044 2440 | 4c8b 5c24 | 304c 8b54 | 2428 4c8b | 4c24 204c | 8b44 2418 | 488b 5424 
  0x000002436cffd060: 1048 8b4c | 2408 488b | 0424 4883 | c470 c5f8 | 7748 8945 | 1048 83ec | 1048 8904 | 2448 c744 
  0x000002436cffd080: 2408 0000 | 0000 4183 | bfd0 0400 | 0002 0f85 | bf00 0000 | 4881 ec80 | 0000 0048 | 8944 2478 
  0x000002436cffd0a0: 4889 4c24 | 7048 8954 | 2468 4889 | 5c24 6048 | 896c 2450 | 4889 7424 | 4848 897c | 2440 4c89 
  0x000002436cffd0c0: 4424 384c | 894c 2430 | 4c89 5424 | 284c 895c | 2420 4c89 | 6424 184c | 896c 2410 | 4c89 7424 
  0x000002436cffd0e0: 084c 893c | 244c 8be4 | 4883 ec20 | 4883 e4f0 | 48b8 d056 | 36f3 fe7f | 0000 ffd0 | 498b e44c 
  0x000002436cffd100: 8b3c 244c | 8b74 2408 | 4c8b 6c24 | 104c 8b64 | 2418 4c8b | 5c24 204c | 8b54 2428 | 4c8b 4c24 
  0x000002436cffd120: 304c 8b44 | 2438 488b | 7c24 4048 | 8b74 2448 | 488b 6c24 | 5048 8b5c | 2460 488b | 5424 6848 
  0x000002436cffd140: 8b4c 2470 | 488b 4424 | 7848 81c4 | 8000 0000 | 4d33 e448 | 8b5d e84c | 8b6b 084d | 8d6d 3849 
  0x000002436cffd160: 837f 0800 | 0f84 bb00 | 0000 e805 | 0000 00e9 | 9600 0000 | 488d 4424 | 084c 896d | c049 8bcf 
  0x000002436cffd180: c5f8 7749 | 89af b803 | 0000 4989 | 87a8 0300 | 0048 83ec | 2040 f6c4 | 0f0f 8419 | 0000 0048 
  0x000002436cffd1a0: 83ec 0848 | b840 79fd | f2fe 7f00 | 00ff d048 | 83c4 08e9 | 0c00 0000 | 48b8 4079 | fdf2 fe7f 
  0x000002436cffd1c0: 0000 ffd0 | 4883 c420 | 49c7 87a8 | 0300 0000 | 0000 0049 | c787 b803 | 0000 0000 | 0000 49c7 
  0x000002436cffd1e0: 87b0 0300 | 0000 0000 | 00c5 f877 | 4983 7f08 | 000f 8405 | 0000 00e9 | c43c ffff | 4c8b 6dc0 
  0x000002436cffd200: 4c8b 75c8 | 4e8d 74f5 | 00c3 48b9 | 08ec 5cf3 | fe7f 0000 | 4883 e4f0 | 48b8 30a8 | 23f3 fe7f 
  0x000002436cffd220: 0000 ffd0 | f444 8b5b | 2841 f6c3 | 200f 8472 | 0100 0048 | 8d55 a84c | 8b5a 084d | 85db 0f85 
  0x000002436cffd240: bb00 0000 | e805 0000 | 00e9 9600 | 0000 488d | 4424 084c | 896d c049 | 8bcf c5f8 | 7749 89af 
  0x000002436cffd260: b803 0000 | 4989 87a8 | 0300 0048 | 83ec 2040 | f6c4 0f0f | 8419 0000 | 0048 83ec | 0848 b870 
  0x000002436cffd280: 78fd f2fe | 7f00 00ff | d048 83c4 | 08e9 0c00 | 0000 48b8 | 7078 fdf2 | fe7f 0000 | ffd0 4883 
  0x000002436cffd2a0: c420 49c7 | 87a8 0300 | 0000 0000 | 0049 c787 | b803 0000 | 0000 0000 | 49c7 87b0 | 0300 0000 
  0x000002436cffd2c0: 0000 00c5 | f877 4983 | 7f08 000f | 8405 0000 | 00e9 ea3b | ffff 4c8b | 6dc0 4c8b | 75c8 4e8d 
  0x000002436cffd2e0: 74f5 00c3 | 48b9 08ec | 5cf3 fe7f | 0000 4883 | e4f0 48b8 | 30a8 23f3 | fe7f 0000 | ffd0 f44c 
  0x000002436cffd300: 896d c04c | 8b4a 0848 | c742 0800 | 0000 0045 | 8b87 5806 | 0000 4f3b | 4c07 f80f | 8542 0000 
  0x000002436cffd320: 0041 83af | 5806 0000 | 084f 3b4c | 07f0 0f84 | 2a00 0000 | 498b 01a8 | 020f 8512 | 0000 004c 
  0x000002436cffd340: 8bc0 4983 | c801 f04d | 0fb1 010f | 840d 0000 | 0041 8387 | 5806 0000 | 08e9 0500 | 0000 e93e 
  0x000002436cffd360: 0000 004c | 894a 0848 | 8bca 4883 | ec20 40f6 | c40f 0f84 | 1900 0000 | 4883 ec08 | 48b8 904a 
  0x000002436cffd380: fdf2 fe7f | 0000 ffd0 | 4883 c408 | e90c 0000 | 0048 b890 | 4afd f2fe | 7f00 00ff | d048 83c4 
  0x000002436cffd3a0: 204c 8b6d | c048 8b04 | 2448 83c4 | 10c5 fb10 | 0424 4883 | c410 4c8b | 5d18 41ff | d34c 8b5d 
  0x000002436cffd3c0: f8c9 5f49 | 8be3 ffe7 | ba00 0000 | 00e8 0500 | 0000 e996 | 0000 0048 | 8d44 2408 | 4c89 6dc0 
  0x000002436cffd3e0: 498b cfc5 | f877 4989 | afb8 0300 | 0049 8987 | a803 0000 | 4883 ec20 | 40f6 c40f | 0f84 1900 
  0x000002436cffd400: 0000 4883 | ec08 48b8 | 303f fdf2 | fe7f 0000 | ffd0 4883 | c408 e90c | 0000 0048 | b830 3ffd 
  0x000002436cffd420: f2fe 7f00 | 00ff d048 | 83c4 2049 | c787 a803 | 0000 0000 | 0000 49c7 | 87b8 0300 | 0000 0000 
  0x000002436cffd440: 0049 c787 | b003 0000 | 0000 0000 | c5f8 7749 | 837f 0800 | 0f84 0500 | 0000 e961 | 3aff ff4c 
  0x000002436cffd460: 8b6d c04c | 8b75 c84e | 8d74 f500 | c348 8b5d | e8e9 40f7 | ffff 6690 
[/MachCode]

---------------  P R O C E S S  ---------------

Threads class SMR info:
_java_thread_list=0x0000024345170f40, length=12, elements={
0x000002435d21c510, 0x00000243798c8bc0, 0x00000243798c9dd0, 0x00000243798cad20,
0x00000243798cd960, 0x00000243798d08a0, 0x00000243798d13d0, 0x00000243798d2230,
0x00000243798dd9d0, 0x000002434520c8e0, 0x0000024345365260, 0x00000243453659a0
}

Java Threads: ( => current thread )
=>0x000002435d21c510 JavaThread "main"                              [_thread_in_vm, id=2948, stack(0x0000007704300000,0x0000007704400000) (1024K)]
  0x00000243798c8bc0 JavaThread "Reference Handler"          daemon [_thread_blocked, id=2320, stack(0x0000007704b00000,0x0000007704c00000) (1024K)]
  0x00000243798c9dd0 JavaThread "Finalizer"                  daemon [_thread_blocked, id=4776, stack(0x0000007704c00000,0x0000007704d00000) (1024K)]
  0x00000243798cad20 JavaThread "Signal Dispatcher"          daemon [_thread_blocked, id=2868, stack(0x0000007704d00000,0x0000007704e00000) (1024K)]
  0x00000243798cd960 JavaThread "Attach Listener"            daemon [_thread_blocked, id=2800, stack(0x0000007704e00000,0x0000007704f00000) (1024K)]
  0x00000243798d08a0 JavaThread "Service Thread"             daemon [_thread_blocked, id=4064, stack(0x0000007704f00000,0x0000007705000000) (1024K)]
  0x00000243798d13d0 JavaThread "Monitor Deflation Thread"   daemon [_thread_blocked, id=7108, stack(0x0000007705000000,0x0000007705100000) (1024K)]
  0x00000243798d2230 JavaThread "C2 CompilerThread0"         daemon [_thread_in_native, id=11956, stack(0x0000007705100000,0x0000007705200000) (1024K)]
  0x00000243798dd9d0 JavaThread "C1 CompilerThread0"         daemon [_thread_in_native, id=2140, stack(0x0000007705200000,0x0000007705300000) (1024K)]
  0x000002434520c8e0 JavaThread "Common-Cleaner"             daemon [_thread_blocked, id=7528, stack(0x0000007705300000,0x0000007705400000) (1024K)]
  0x0000024345365260 JavaThread "Monitor Ctrl-Break"         daemon [_thread_in_native, id=11548, stack(0x0000007705400000,0x0000007705500000) (1024K)]
  0x00000243453659a0 JavaThread "Notification Thread"        daemon [_thread_blocked, id=2620, stack(0x0000007705500000,0x0000007705600000) (1024K)]
Total: 12

Other Threads:
  0x00000243798b8b70 VMThread "VM Thread"                           [id=1524, stack(0x0000007704a00000,0x0000007704b00000) (1024K)]
  0x00000243798abb70 WatcherThread "VM Periodic Task Thread"        [id=908, stack(0x0000007704900000,0x0000007704a00000) (1024K)]
  0x000002435d273740 WorkerThread "GC Thread#0"                     [id=9088, stack(0x0000007704400000,0x0000007704500000) (1024K)]
  0x000002435d2895b0 ConcurrentGCThread "G1 Main Marker"            [id=9104, stack(0x0000007704500000,0x0000007704600000) (1024K)]
  0x000002435d28a860 WorkerThread "G1 Conc#0"                       [id=3052, stack(0x0000007704600000,0x0000007704700000) (1024K)]
  0x000002437977c090 ConcurrentGCThread "G1 Refine#0"               [id=7140, stack(0x0000007704700000,0x0000007704800000) (1024K)]
  0x000002437977da30 ConcurrentGCThread "G1 Service"                [id=7232, stack(0x0000007704800000,0x0000007704900000) (1024K)]
Total: 7

Threads with active compile tasks:
C2 CompilerThread0  460  428       4       java.util.jar.Manifest$FastInputStream::readLine (296 bytes)
C1 CompilerThread0  460  409       3       jdk.internal.classfile.impl.StackMapGenerator::processBlock (2767 bytes)
Total: 2

VM state: not at safepoint (normal execution)

VM Mutex/Monitor currently owned by a thread: None

Heap address: 0x0000000081600000, size: 2026 MB, Compressed Oops mode: 32-bit

CDS archive(s) mapped at: [0x0000024300000000-0x0000024300d40000-0x0000024300d40000), size 13893632, SharedBaseAddress: 0x0000024300000000, ArchiveRelocationMode: 1.
Compressed class space mapped at: 0x0000024301000000-0x0000024341000000, reserved size: 1073741824
UseCompressedClassPointers 1, UseCompactObjectHeaders 0
Narrow klass pointer bits 32, Max shift 3
Narrow klass base: 0x0000024300000000, Narrow klass shift: 0
Encoding Range: [0x0000024300000000 - 0x0000024400000000), (4294967296 bytes)
Klass Range:    [0x0000024300000000 - 0x0000024341000000), (1090519040 bytes)
Klass ID Range:  [8 - 1090519033) (1090519025)

GC Precious Log:
 CardTable entry size: 512
 Card Set container configuration: InlinePtr #cards 5 size 8 Array Of Cards #cards 10 size 36 Howl #buckets 4 coarsen threshold 1843 Howl Bitmap #cards 512 size 80 coarsen threshold 460 Card regions per heap region 1 cards per card region 2048
 CPUs: 4 total, 4 available
 Memory: 8102M
 Large Page Support: Disabled
 NUMA Support: Disabled
 Compressed Oops: Enabled (32-bit)
 Heap Region Size: 1M
 Heap Min Capacity: 8M
 Heap Initial Capacity: 128M
 Heap Max Capacity: 2026M
 Pre-touch: Disabled
 Parallel Workers: 4
 Concurrent Workers: 1
 Concurrent Refinement Workers: 4
 Periodic GC: Disabled

Heap:
 garbage-first heap   total reserved 2074624K, committed 133120K, used 7284K [0x0000000081600000, 0x0000000100000000)
  region size 1024K, 7 young (7168K), 0 survivors (0K)
 Metaspace       used 1258K, committed 1344K, reserved 1114112K
  class space    used 71K, committed 128K, reserved 1048576K

Heap Regions: E=young(eden), S=young(survivor), O=old, HS=humongous(starts), HC=humongous(continues), CS=collection set, F=free, TAMS=top-at-mark-start, PB=parsable bottom
|   0|0x0000000081600000, 0x0000000081600000, 0x0000000081700000|  0%| F|  |TAMS 0x0000000081600000| PB 0x0000000081600000| Untracked |  0
|   1|0x0000000081700000, 0x0000000081700000, 0x0000000081800000|  0%| F|  |TAMS 0x0000000081700000| PB 0x0000000081700000| Untracked |  0
|   2|0x0000000081800000, 0x0000000081800000, 0x0000000081900000|  0%| F|  |TAMS 0x0000000081800000| PB 0x0000000081800000| Untracked |  0
|   3|0x0000000081900000, 0x0000000081900000, 0x0000000081a00000|  0%| F|  |TAMS 0x0000000081900000| PB 0x0000000081900000| Untracked |  0
|   4|0x0000000081a00000, 0x0000000081a00000, 0x0000000081b00000|  0%| F|  |TAMS 0x0000000081a00000| PB 0x0000000081a00000| Untracked |  0
|   5|0x0000000081b00000, 0x0000000081b00000, 0x0000000081c00000|  0%| F|  |TAMS 0x0000000081b00000| PB 0x0000000081b00000| Untracked |  0
|   6|0x0000000081c00000, 0x0000000081c00000, 0x0000000081d00000|  0%| F|  |TAMS 0x0000000081c00000| PB 0x0000000081c00000| Untracked |  0
|   7|0x0000000081d00000, 0x0000000081d00000, 0x0000000081e00000|  0%| F|  |TAMS 0x0000000081d00000| PB 0x0000000081d00000| Untracked |  0
|   8|0x0000000081e00000, 0x0000000081e00000, 0x0000000081f00000|  0%| F|  |TAMS 0x0000000081e00000| PB 0x0000000081e00000| Untracked |  0
|   9|0x0000000081f00000, 0x0000000081f00000, 0x0000000082000000|  0%| F|  |TAMS 0x0000000081f00000| PB 0x0000000081f00000| Untracked |  0
|  10|0x0000000082000000, 0x0000000082000000, 0x0000000082100000|  0%| F|  |TAMS 0x0000000082000000| PB 0x0000000082000000| Untracked |  0
|  11|0x0000000082100000, 0x0000000082100000, 0x0000000082200000|  0%| F|  |TAMS 0x0000000082100000| PB 0x0000000082100000| Untracked |  0
|  12|0x0000000082200000, 0x0000000082200000, 0x0000000082300000|  0%| F|  |TAMS 0x0000000082200000| PB 0x0000000082200000| Untracked |  0
|  13|0x0000000082300000, 0x0000000082300000, 0x0000000082400000|  0%| F|  |TAMS 0x0000000082300000| PB 0x0000000082300000| Untracked |  0
|  14|0x0000000082400000, 0x0000000082400000, 0x0000000082500000|  0%| F|  |TAMS 0x0000000082400000| PB 0x0000000082400000| Untracked |  0
|  15|0x0000000082500000, 0x0000000082500000, 0x0000000082600000|  0%| F|  |TAMS 0x0000000082500000| PB 0x0000000082500000| Untracked |  0
|  16|0x0000000082600000, 0x0000000082600000, 0x0000000082700000|  0%| F|  |TAMS 0x0000000082600000| PB 0x0000000082600000| Untracked |  0
|  17|0x0000000082700000, 0x0000000082700000, 0x0000000082800000|  0%| F|  |TAMS 0x0000000082700000| PB 0x0000000082700000| Untracked |  0
|  18|0x0000000082800000, 0x0000000082800000, 0x0000000082900000|  0%| F|  |TAMS 0x0000000082800000| PB 0x0000000082800000| Untracked |  0
|  19|0x0000000082900000, 0x0000000082900000, 0x0000000082a00000|  0%| F|  |TAMS 0x0000000082900000| PB 0x0000000082900000| Untracked |  0
|  20|0x0000000082a00000, 0x0000000082a00000, 0x0000000082b00000|  0%| F|  |TAMS 0x0000000082a00000| PB 0x0000000082a00000| Untracked |  0
|  21|0x0000000082b00000, 0x0000000082b00000, 0x0000000082c00000|  0%| F|  |TAMS 0x0000000082b00000| PB 0x0000000082b00000| Untracked |  0
|  22|0x0000000082c00000, 0x0000000082c00000, 0x0000000082d00000|  0%| F|  |TAMS 0x0000000082c00000| PB 0x0000000082c00000| Untracked |  0
|  23|0x0000000082d00000, 0x0000000082d00000, 0x0000000082e00000|  0%| F|  |TAMS 0x0000000082d00000| PB 0x0000000082d00000| Untracked |  0
|  24|0x0000000082e00000, 0x0000000082e00000, 0x0000000082f00000|  0%| F|  |TAMS 0x0000000082e00000| PB 0x0000000082e00000| Untracked |  0
|  25|0x0000000082f00000, 0x0000000082f00000, 0x0000000083000000|  0%| F|  |TAMS 0x0000000082f00000| PB 0x0000000082f00000| Untracked |  0
|  26|0x0000000083000000, 0x0000000083000000, 0x0000000083100000|  0%| F|  |TAMS 0x0000000083000000| PB 0x0000000083000000| Untracked |  0
|  27|0x0000000083100000, 0x0000000083100000, 0x0000000083200000|  0%| F|  |TAMS 0x0000000083100000| PB 0x0000000083100000| Untracked |  0
|  28|0x0000000083200000, 0x0000000083200000, 0x0000000083300000|  0%| F|  |TAMS 0x0000000083200000| PB 0x0000000083200000| Untracked |  0
|  29|0x0000000083300000, 0x0000000083300000, 0x0000000083400000|  0%| F|  |TAMS 0x0000000083300000| PB 0x0000000083300000| Untracked |  0
|  30|0x0000000083400000, 0x0000000083400000, 0x0000000083500000|  0%| F|  |TAMS 0x0000000083400000| PB 0x0000000083400000| Untracked |  0
|  31|0x0000000083500000, 0x0000000083500000, 0x0000000083600000|  0%| F|  |TAMS 0x0000000083500000| PB 0x0000000083500000| Untracked |  0
|  32|0x0000000083600000, 0x0000000083600000, 0x0000000083700000|  0%| F|  |TAMS 0x0000000083600000| PB 0x0000000083600000| Untracked |  0
|  33|0x0000000083700000, 0x0000000083700000, 0x0000000083800000|  0%| F|  |TAMS 0x0000000083700000| PB 0x0000000083700000| Untracked |  0
|  34|0x0000000083800000, 0x0000000083800000, 0x0000000083900000|  0%| F|  |TAMS 0x0000000083800000| PB 0x0000000083800000| Untracked |  0
|  35|0x0000000083900000, 0x0000000083900000, 0x0000000083a00000|  0%| F|  |TAMS 0x0000000083900000| PB 0x0000000083900000| Untracked |  0
|  36|0x0000000083a00000, 0x0000000083a00000, 0x0000000083b00000|  0%| F|  |TAMS 0x0000000083a00000| PB 0x0000000083a00000| Untracked |  0
|  37|0x0000000083b00000, 0x0000000083b00000, 0x0000000083c00000|  0%| F|  |TAMS 0x0000000083b00000| PB 0x0000000083b00000| Untracked |  0
|  38|0x0000000083c00000, 0x0000000083c00000, 0x0000000083d00000|  0%| F|  |TAMS 0x0000000083c00000| PB 0x0000000083c00000| Untracked |  0
|  39|0x0000000083d00000, 0x0000000083d00000, 0x0000000083e00000|  0%| F|  |TAMS 0x0000000083d00000| PB 0x0000000083d00000| Untracked |  0
|  40|0x0000000083e00000, 0x0000000083e00000, 0x0000000083f00000|  0%| F|  |TAMS 0x0000000083e00000| PB 0x0000000083e00000| Untracked |  0
|  41|0x0000000083f00000, 0x0000000083f00000, 0x0000000084000000|  0%| F|  |TAMS 0x0000000083f00000| PB 0x0000000083f00000| Untracked |  0
|  42|0x0000000084000000, 0x0000000084000000, 0x0000000084100000|  0%| F|  |TAMS 0x0000000084000000| PB 0x0000000084000000| Untracked |  0
|  43|0x0000000084100000, 0x0000000084100000, 0x0000000084200000|  0%| F|  |TAMS 0x0000000084100000| PB 0x0000000084100000| Untracked |  0
|  44|0x0000000084200000, 0x0000000084200000, 0x0000000084300000|  0%| F|  |TAMS 0x0000000084200000| PB 0x0000000084200000| Untracked |  0
|  45|0x0000000084300000, 0x0000000084300000, 0x0000000084400000|  0%| F|  |TAMS 0x0000000084300000| PB 0x0000000084300000| Untracked |  0
|  46|0x0000000084400000, 0x0000000084400000, 0x0000000084500000|  0%| F|  |TAMS 0x0000000084400000| PB 0x0000000084400000| Untracked |  0
|  47|0x0000000084500000, 0x0000000084500000, 0x0000000084600000|  0%| F|  |TAMS 0x0000000084500000| PB 0x0000000084500000| Untracked |  0
|  48|0x0000000084600000, 0x0000000084600000, 0x0000000084700000|  0%| F|  |TAMS 0x0000000084600000| PB 0x0000000084600000| Untracked |  0
|  49|0x0000000084700000, 0x0000000084700000, 0x0000000084800000|  0%| F|  |TAMS 0x0000000084700000| PB 0x0000000084700000| Untracked |  0
|  50|0x0000000084800000, 0x0000000084800000, 0x0000000084900000|  0%| F|  |TAMS 0x0000000084800000| PB 0x0000000084800000| Untracked |  0
|  51|0x0000000084900000, 0x0000000084900000, 0x0000000084a00000|  0%| F|  |TAMS 0x0000000084900000| PB 0x0000000084900000| Untracked |  0
|  52|0x0000000084a00000, 0x0000000084a00000, 0x0000000084b00000|  0%| F|  |TAMS 0x0000000084a00000| PB 0x0000000084a00000| Untracked |  0
|  53|0x0000000084b00000, 0x0000000084b00000, 0x0000000084c00000|  0%| F|  |TAMS 0x0000000084b00000| PB 0x0000000084b00000| Untracked |  0
|  54|0x0000000084c00000, 0x0000000084c00000, 0x0000000084d00000|  0%| F|  |TAMS 0x0000000084c00000| PB 0x0000000084c00000| Untracked |  0
|  55|0x0000000084d00000, 0x0000000084d00000, 0x0000000084e00000|  0%| F|  |TAMS 0x0000000084d00000| PB 0x0000000084d00000| Untracked |  0
|  56|0x0000000084e00000, 0x0000000084e00000, 0x0000000084f00000|  0%| F|  |TAMS 0x0000000084e00000| PB 0x0000000084e00000| Untracked |  0
|  57|0x0000000084f00000, 0x0000000084f00000, 0x0000000085000000|  0%| F|  |TAMS 0x0000000084f00000| PB 0x0000000084f00000| Untracked |  0
|  58|0x0000000085000000, 0x0000000085000000, 0x0000000085100000|  0%| F|  |TAMS 0x0000000085000000| PB 0x0000000085000000| Untracked |  0
|  59|0x0000000085100000, 0x0000000085100000, 0x0000000085200000|  0%| F|  |TAMS 0x0000000085100000| PB 0x0000000085100000| Untracked |  0
|  60|0x0000000085200000, 0x0000000085200000, 0x0000000085300000|  0%| F|  |TAMS 0x0000000085200000| PB 0x0000000085200000| Untracked |  0
|  61|0x0000000085300000, 0x0000000085300000, 0x0000000085400000|  0%| F|  |TAMS 0x0000000085300000| PB 0x0000000085300000| Untracked |  0
|  62|0x0000000085400000, 0x0000000085400000, 0x0000000085500000|  0%| F|  |TAMS 0x0000000085400000| PB 0x0000000085400000| Untracked |  0
|  63|0x0000000085500000, 0x0000000085500000, 0x0000000085600000|  0%| F|  |TAMS 0x0000000085500000| PB 0x0000000085500000| Untracked |  0
|  64|0x0000000085600000, 0x0000000085600000, 0x0000000085700000|  0%| F|  |TAMS 0x0000000085600000| PB 0x0000000085600000| Untracked |  0
|  65|0x0000000085700000, 0x0000000085700000, 0x0000000085800000|  0%| F|  |TAMS 0x0000000085700000| PB 0x0000000085700000| Untracked |  0
|  66|0x0000000085800000, 0x0000000085800000, 0x0000000085900000|  0%| F|  |TAMS 0x0000000085800000| PB 0x0000000085800000| Untracked |  0
|  67|0x0000000085900000, 0x0000000085900000, 0x0000000085a00000|  0%| F|  |TAMS 0x0000000085900000| PB 0x0000000085900000| Untracked |  0
|  68|0x0000000085a00000, 0x0000000085a00000, 0x0000000085b00000|  0%| F|  |TAMS 0x0000000085a00000| PB 0x0000000085a00000| Untracked |  0
|  69|0x0000000085b00000, 0x0000000085b00000, 0x0000000085c00000|  0%| F|  |TAMS 0x0000000085b00000| PB 0x0000000085b00000| Untracked |  0
|  70|0x0000000085c00000, 0x0000000085c00000, 0x0000000085d00000|  0%| F|  |TAMS 0x0000000085c00000| PB 0x0000000085c00000| Untracked |  0
|  71|0x0000000085d00000, 0x0000000085d00000, 0x0000000085e00000|  0%| F|  |TAMS 0x0000000085d00000| PB 0x0000000085d00000| Untracked |  0
|  72|0x0000000085e00000, 0x0000000085e00000, 0x0000000085f00000|  0%| F|  |TAMS 0x0000000085e00000| PB 0x0000000085e00000| Untracked |  0
|  73|0x0000000085f00000, 0x0000000085f00000, 0x0000000086000000|  0%| F|  |TAMS 0x0000000085f00000| PB 0x0000000085f00000| Untracked |  0
|  74|0x0000000086000000, 0x0000000086000000, 0x0000000086100000|  0%| F|  |TAMS 0x0000000086000000| PB 0x0000000086000000| Untracked |  0
|  75|0x0000000086100000, 0x0000000086100000, 0x0000000086200000|  0%| F|  |TAMS 0x0000000086100000| PB 0x0000000086100000| Untracked |  0
|  76|0x0000000086200000, 0x0000000086200000, 0x0000000086300000|  0%| F|  |TAMS 0x0000000086200000| PB 0x0000000086200000| Untracked |  0
|  77|0x0000000086300000, 0x0000000086300000, 0x0000000086400000|  0%| F|  |TAMS 0x0000000086300000| PB 0x0000000086300000| Untracked |  0
|  78|0x0000000086400000, 0x0000000086400000, 0x0000000086500000|  0%| F|  |TAMS 0x0000000086400000| PB 0x0000000086400000| Untracked |  0
|  79|0x0000000086500000, 0x0000000086500000, 0x0000000086600000|  0%| F|  |TAMS 0x0000000086500000| PB 0x0000000086500000| Untracked |  0
|  80|0x0000000086600000, 0x0000000086600000, 0x0000000086700000|  0%| F|  |TAMS 0x0000000086600000| PB 0x0000000086600000| Untracked |  0
|  81|0x0000000086700000, 0x0000000086700000, 0x0000000086800000|  0%| F|  |TAMS 0x0000000086700000| PB 0x0000000086700000| Untracked |  0
|  82|0x0000000086800000, 0x0000000086800000, 0x0000000086900000|  0%| F|  |TAMS 0x0000000086800000| PB 0x0000000086800000| Untracked |  0
|  83|0x0000000086900000, 0x0000000086900000, 0x0000000086a00000|  0%| F|  |TAMS 0x0000000086900000| PB 0x0000000086900000| Untracked |  0
|  84|0x0000000086a00000, 0x0000000086a00000, 0x0000000086b00000|  0%| F|  |TAMS 0x0000000086a00000| PB 0x0000000086a00000| Untracked |  0
|  85|0x0000000086b00000, 0x0000000086b00000, 0x0000000086c00000|  0%| F|  |TAMS 0x0000000086b00000| PB 0x0000000086b00000| Untracked |  0
|  86|0x0000000086c00000, 0x0000000086c00000, 0x0000000086d00000|  0%| F|  |TAMS 0x0000000086c00000| PB 0x0000000086c00000| Untracked |  0
|  87|0x0000000086d00000, 0x0000000086d00000, 0x0000000086e00000|  0%| F|  |TAMS 0x0000000086d00000| PB 0x0000000086d00000| Untracked |  0
|  88|0x0000000086e00000, 0x0000000086e00000, 0x0000000086f00000|  0%| F|  |TAMS 0x0000000086e00000| PB 0x0000000086e00000| Untracked |  0
|  89|0x0000000086f00000, 0x0000000086f00000, 0x0000000087000000|  0%| F|  |TAMS 0x0000000086f00000| PB 0x0000000086f00000| Untracked |  0
|  90|0x0000000087000000, 0x0000000087000000, 0x0000000087100000|  0%| F|  |TAMS 0x0000000087000000| PB 0x0000000087000000| Untracked |  0
|  91|0x0000000087100000, 0x0000000087100000, 0x0000000087200000|  0%| F|  |TAMS 0x0000000087100000| PB 0x0000000087100000| Untracked |  0
|  92|0x0000000087200000, 0x0000000087200000, 0x0000000087300000|  0%| F|  |TAMS 0x0000000087200000| PB 0x0000000087200000| Untracked |  0
|  93|0x0000000087300000, 0x0000000087300000, 0x0000000087400000|  0%| F|  |TAMS 0x0000000087300000| PB 0x0000000087300000| Untracked |  0
|  94|0x0000000087400000, 0x0000000087400000, 0x0000000087500000|  0%| F|  |TAMS 0x0000000087400000| PB 0x0000000087400000| Untracked |  0
|  95|0x0000000087500000, 0x0000000087500000, 0x0000000087600000|  0%| F|  |TAMS 0x0000000087500000| PB 0x0000000087500000| Untracked |  0
|  96|0x0000000087600000, 0x0000000087600000, 0x0000000087700000|  0%| F|  |TAMS 0x0000000087600000| PB 0x0000000087600000| Untracked |  0
|  97|0x0000000087700000, 0x0000000087700000, 0x0000000087800000|  0%| F|  |TAMS 0x0000000087700000| PB 0x0000000087700000| Untracked |  0
|  98|0x0000000087800000, 0x0000000087800000, 0x0000000087900000|  0%| F|  |TAMS 0x0000000087800000| PB 0x0000000087800000| Untracked |  0
|  99|0x0000000087900000, 0x0000000087900000, 0x0000000087a00000|  0%| F|  |TAMS 0x0000000087900000| PB 0x0000000087900000| Untracked |  0
| 100|0x0000000087a00000, 0x0000000087a00000, 0x0000000087b00000|  0%| F|  |TAMS 0x0000000087a00000| PB 0x0000000087a00000| Untracked |  0
| 101|0x0000000087b00000, 0x0000000087b00000, 0x0000000087c00000|  0%| F|  |TAMS 0x0000000087b00000| PB 0x0000000087b00000| Untracked |  0
| 102|0x0000000087c00000, 0x0000000087c00000, 0x0000000087d00000|  0%| F|  |TAMS 0x0000000087c00000| PB 0x0000000087c00000| Untracked |  0
| 103|0x0000000087d00000, 0x0000000087d00000, 0x0000000087e00000|  0%| F|  |TAMS 0x0000000087d00000| PB 0x0000000087d00000| Untracked |  0
| 104|0x0000000087e00000, 0x0000000087e00000, 0x0000000087f00000|  0%| F|  |TAMS 0x0000000087e00000| PB 0x0000000087e00000| Untracked |  0
| 105|0x0000000087f00000, 0x0000000087f00000, 0x0000000088000000|  0%| F|  |TAMS 0x0000000087f00000| PB 0x0000000087f00000| Untracked |  0
| 106|0x0000000088000000, 0x0000000088000000, 0x0000000088100000|  0%| F|  |TAMS 0x0000000088000000| PB 0x0000000088000000| Untracked |  0
| 107|0x0000000088100000, 0x0000000088100000, 0x0000000088200000|  0%| F|  |TAMS 0x0000000088100000| PB 0x0000000088100000| Untracked |  0
| 108|0x0000000088200000, 0x0000000088200000, 0x0000000088300000|  0%| F|  |TAMS 0x0000000088200000| PB 0x0000000088200000| Untracked |  0
| 109|0x0000000088300000, 0x0000000088300000, 0x0000000088400000|  0%| F|  |TAMS 0x0000000088300000| PB 0x0000000088300000| Untracked |  0
| 110|0x0000000088400000, 0x0000000088400000, 0x0000000088500000|  0%| F|  |TAMS 0x0000000088400000| PB 0x0000000088400000| Untracked |  0
| 111|0x0000000088500000, 0x0000000088500000, 0x0000000088600000|  0%| F|  |TAMS 0x0000000088500000| PB 0x0000000088500000| Untracked |  0
| 112|0x0000000088600000, 0x0000000088600000, 0x0000000088700000|  0%| F|  |TAMS 0x0000000088600000| PB 0x0000000088600000| Untracked |  0
| 113|0x0000000088700000, 0x0000000088700000, 0x0000000088800000|  0%| F|  |TAMS 0x0000000088700000| PB 0x0000000088700000| Untracked |  0
| 114|0x0000000088800000, 0x0000000088800000, 0x0000000088900000|  0%| F|  |TAMS 0x0000000088800000| PB 0x0000000088800000| Untracked |  0
| 115|0x0000000088900000, 0x0000000088900000, 0x0000000088a00000|  0%| F|  |TAMS 0x0000000088900000| PB 0x0000000088900000| Untracked |  0
| 116|0x0000000088a00000, 0x0000000088a00000, 0x0000000088b00000|  0%| F|  |TAMS 0x0000000088a00000| PB 0x0000000088a00000| Untracked |  0
| 117|0x0000000088b00000, 0x0000000088b00000, 0x0000000088c00000|  0%| F|  |TAMS 0x0000000088b00000| PB 0x0000000088b00000| Untracked |  0
| 118|0x0000000088c00000, 0x0000000088c00000, 0x0000000088d00000|  0%| F|  |TAMS 0x0000000088c00000| PB 0x0000000088c00000| Untracked |  0
| 119|0x0000000088d00000, 0x0000000088d00000, 0x0000000088e00000|  0%| F|  |TAMS 0x0000000088d00000| PB 0x0000000088d00000| Untracked |  0
| 120|0x0000000088e00000, 0x0000000088e00000, 0x0000000088f00000|  0%| F|  |TAMS 0x0000000088e00000| PB 0x0000000088e00000| Untracked |  0
| 121|0x0000000088f00000, 0x0000000088f28e30, 0x0000000089000000| 15%| E|  |TAMS 0x0000000088f00000| PB 0x0000000088f00000| Complete |  0
| 122|0x0000000089000000, 0x0000000089100000, 0x0000000089100000|100%| E|CS|TAMS 0x0000000089000000| PB 0x0000000089000000| Complete |  1
| 123|0x0000000089100000, 0x0000000089200000, 0x0000000089200000|100%| E|CS|TAMS 0x0000000089100000| PB 0x0000000089100000| Complete |  0
| 124|0x0000000089200000, 0x0000000089300000, 0x0000000089300000|100%| E|CS|TAMS 0x0000000089200000| PB 0x0000000089200000| Complete |  0
| 125|0x0000000089300000, 0x0000000089400000, 0x0000000089400000|100%| E|CS|TAMS 0x0000000089300000| PB 0x0000000089300000| Complete |  0
| 126|0x0000000089400000, 0x0000000089500000, 0x0000000089500000|100%| E|CS|TAMS 0x0000000089400000| PB 0x0000000089400000| Complete |  0
| 127|0x0000000089500000, 0x0000000089600000, 0x0000000089600000|100%| E|CS|TAMS 0x0000000089500000| PB 0x0000000089500000| Complete |  0
|2024|0x00000000ffe00000, 0x00000000fff00000, 0x00000000fff00000|100%| O|  |TAMS 0x00000000ffe00000| PB 0x00000000ffe00000| Untracked |  0
|2025|0x00000000fff00000, 0x00000000fff1d1c0, 0x0000000100000000| 11%| O|  |TAMS 0x00000000fff00000| PB 0x00000000fff00000| Untracked |  0

Card table byte_map: [0x0000024374ec0000,0x00000243752c0000] _byte_map_base: 0x0000024374ab5000

Marking Bits: (CMBitMap*) 0x000002435d273e50
 Bits: [0x00000243752c0000, 0x0000024377268000)

Polling page: 0x000002435c9e0000

Metaspace:

Usage:
  Non-class:      1.16 MB used.
      Class:     71.91 KB used.
       Both:      1.23 MB used.

Virtual space:
  Non-class space:       64.00 MB reserved,       1.19 MB (  2%) committed,  1 nodes.
      Class space:        1.00 GB reserved,     128.00 KB ( <1%) committed,  1 nodes.
             Both:        1.06 GB reserved,       1.31 MB ( <1%) committed. 

Chunk freelists:
   Non-Class:  11.64 MB
       Class:  15.72 MB
        Both:  27.36 MB

MaxMetaspaceSize: unlimited
CompressedClassSpaceSize: 1.00 GB
Initial GC threshold: 21.00 MB
Current GC threshold: 21.00 MB
CDS: on
 - commit_granule_bytes: 65536.
 - commit_granule_words: 8192.
 - virtual_space_node_default_size: 8388608.
 - enlarge_chunks_in_place: 1.
UseCompressedClassPointers 1, UseCompactObjectHeaders 0
Narrow klass pointer bits 32, Max shift 3
Narrow klass base: 0x0000024300000000, Narrow klass shift: 0
Encoding Range: [0x0000024300000000 - 0x0000024400000000), (4294967296 bytes)
Klass Range:    [0x0000024300000000 - 0x0000024341000000), (1090519040 bytes)
Klass ID Range:  [8 - 1090519033) (1090519025)


Internal statistics:

num_allocs_failed_limit: 0.
num_arena_births: 28.
num_arena_deaths: 0.
num_vsnodes_births: 2.
num_vsnodes_deaths: 0.
num_space_committed: 21.
num_space_uncommitted: 0.
num_chunks_returned_to_freelist: 0.
num_chunks_taken_from_freelist: 54.
num_chunk_merges: 0.
num_chunk_splits: 32.
num_chunks_enlarged: 20.
num_inconsistent_stats: 0.

CodeHeap 'non-profiled nmethods': size=120064Kb used=134Kb max_used=134Kb free=119930Kb
 bounds [0x000002436d580000, 0x000002436d7f0000, 0x0000024374ac0000]
CodeHeap 'profiled nmethods': size=120000Kb used=386Kb max_used=386Kb free=119613Kb
 bounds [0x0000024365ac0000, 0x0000024365d30000, 0x000002436cff0000]
CodeHeap 'non-nmethods': size=5696Kb used=1253Kb max_used=1259Kb free=4442Kb
 bounds [0x000002436cff0000, 0x000002436d260000, 0x000002436d580000]
CodeCache: size=245760Kb, used=1773Kb, max_used=1779Kb, free=243985Kb
 total_blobs=827, nmethods=413, adapters=319, full_count=0
Compilation: enabled, stopped_count=0, restarted_count=0

Compilation events (20 events):
Event: 0.332 Thread 0x00000243798dd9d0  403   !   3       java.lang.invoke.MemberName::getMethodType (213 bytes)
Event: 0.333 Thread 0x00000243798dd9d0 nmethod 403 0x0000024365b1b808 code [0x0000024365b1ba00, 0x0000024365b1cd68]
Event: 0.333 Thread 0x00000243798dd9d0  402       3       java.lang.Class::getPackageName (81 bytes)
Event: 0.334 Thread 0x00000243798dd9d0 nmethod 402 0x0000024365b1ce08 code [0x0000024365b1d020, 0x0000024365b1e110]
Event: 0.334 Thread 0x00000243798dd9d0  404       1       jdk.internal.classfile.impl.AbstractPoolEntry$ClassEntryImpl::tag (3 bytes)
Event: 0.334 Thread 0x00000243798dd9d0 nmethod 404 0x000002436d5a0308 code [0x000002436d5a0400, 0x000002436d5a04c8]
Event: 0.334 Thread 0x00000243798dd9d0  405       1       jdk.internal.classfile.impl.AbstractPoolEntry::hashCode (5 bytes)
Event: 0.334 Thread 0x00000243798dd9d0 nmethod 405 0x000002436d5a0608 code [0x000002436d5a0700, 0x000002436d5a07c8]
Event: 0.334 Thread 0x00000243798dd9d0  406       3       java.lang.StringUTF16::compress (47 bytes)
Event: 0.334 Thread 0x00000243798dd9d0 nmethod 406 0x0000024365b1e188 code [0x0000024365b1e2c0, 0x0000024365b1e4f8]
Event: 0.334 Thread 0x00000243798dd9d0  407       3       java.lang.String::concat (15 bytes)
Event: 0.335 Thread 0x00000243798dd9d0 nmethod 407 0x0000024365b1e508 code [0x0000024365b1e700, 0x0000024365b1f800]
Event: 0.335 Thread 0x00000243798dd9d0  408       3       java.lang.StringConcatHelper::doConcat (59 bytes)
Event: 0.336 Thread 0x00000243798dd9d0 nmethod 408 0x0000024365b1f888 code [0x0000024365b1fa60, 0x0000024365b20970]
Event: 0.336 Thread 0x00000243798dd9d0  409       3       jdk.internal.classfile.impl.StackMapGenerator::processBlock (2767 bytes)
Event: 0.337 Thread 0x00000243798d2230  415       4       java.util.concurrent.ConcurrentHashMap::casTabAt (21 bytes)
Event: 0.338 Thread 0x00000243798d2230 nmethod 415 0x000002436d5a0c08 code [0x000002436d5a0d00, 0x000002436d5a0e78]
Event: 0.341 Thread 0x00000243798d2230  417       4       java.lang.ref.Reference::reachabilityFence (1 bytes)
Event: 0.342 Thread 0x00000243798d2230 nmethod 417 0x000002436d5a0f08 code [0x000002436d5a1000, 0x000002436d5a1068]
Event: 0.349 Thread 0x00000243798d2230  428       4       java.util.jar.Manifest$FastInputStream::readLine (296 bytes)

GC Heap History (0 events):
No events

Dll operation events (9 events):
Event: 0.019 Loaded shared library C:\Program Files\Java\jdk-24.0.1\bin\java.dll
Event: 0.063 Loaded shared library C:\Program Files\Java\jdk-24.0.1\bin\jsvml.dll
Event: 0.163 Loaded shared library C:\Program Files\Java\jdk-24.0.1\bin\zip.dll
Event: 0.168 Loaded shared library C:\Program Files\Java\jdk-24.0.1\bin\instrument.dll
Event: 0.177 Loaded shared library C:\Program Files\Java\jdk-24.0.1\bin\net.dll
Event: 0.182 Loaded shared library C:\Program Files\Java\jdk-24.0.1\bin\nio.dll
Event: 0.194 Loaded shared library C:\Program Files\Java\jdk-24.0.1\bin\zip.dll
Event: 0.300 Loaded shared library C:\Program Files\Java\jdk-24.0.1\bin\extnet.dll
Event: 0.339 Loaded shared library C:\Program Files\Java\jdk-24.0.1\bin\jimage.dll

Deoptimization events (14 events):
Event: 0.226 Thread 0x000002435d21c510 DEOPT PACKING pc=0x0000024365ae8a98 sp=0x00000077043fdf20
Event: 0.226 Thread 0x000002435d21c510 DEOPT UNPACKING pc=0x000002436d045722 sp=0x00000077043fd390 mode 0
Event: 0.226 Thread 0x000002435d21c510 DEOPT PACKING pc=0x0000024365ae8a98 sp=0x00000077043fdf20
Event: 0.226 Thread 0x000002435d21c510 DEOPT UNPACKING pc=0x000002436d045722 sp=0x00000077043fd390 mode 0
Event: 0.226 Thread 0x000002435d21c510 DEOPT PACKING pc=0x0000024365ae8a98 sp=0x00000077043fdf20
Event: 0.226 Thread 0x000002435d21c510 DEOPT UNPACKING pc=0x000002436d045722 sp=0x00000077043fd390 mode 0
Event: 0.285 Thread 0x000002435d21c510 Uncommon trap: trap_request=0xffffff4d fr.pc=0x000002436d592bd8 relative=0x0000000000000058
Event: 0.285 Thread 0x000002435d21c510 Uncommon trap: reason=unstable_if action=reinterpret pc=0x000002436d592bd8 method=java.lang.String.isLatin1()Z @ 10 c2
Event: 0.285 Thread 0x000002435d21c510 DEOPT PACKING pc=0x000002436d592bd8 sp=0x00000077043fe7c0
Event: 0.285 Thread 0x000002435d21c510 DEOPT UNPACKING pc=0x000002436d101502 sp=0x00000077043fe750 mode 2
Event: 0.285 Thread 0x000002435d21c510 Uncommon trap: trap_request=0xffffff4d fr.pc=0x000002436d590d54 relative=0x00000000000000b4
Event: 0.285 Thread 0x000002435d21c510 Uncommon trap: reason=unstable_if action=reinterpret pc=0x000002436d590d54 method=java.lang.String.isLatin1()Z @ 10 c2
Event: 0.285 Thread 0x000002435d21c510 DEOPT PACKING pc=0x000002436d590d54 sp=0x00000077043ff1c0
Event: 0.285 Thread 0x000002435d21c510 DEOPT UNPACKING pc=0x000002436d101502 sp=0x00000077043ff100 mode 2

Classes loaded (20 events):
Event: 0.310 Loading class jdk/internal/event/SocketReadEvent
Event: 0.310 Loading class jdk/internal/event/Event
Event: 0.310 Loading class jdk/internal/event/Event done
Event: 0.310 Loading class jdk/internal/event/SocketReadEvent done
Event: 0.310 Loading class sun/nio/ch/Util
Event: 0.310 Loading class sun/nio/ch/Util done
Event: 0.310 Loading class sun/nio/ch/Util$1
Event: 0.311 Loading class sun/nio/ch/Util$1 done
Event: 0.311 Loading class sun/nio/ch/Util$BufferCache
Event: 0.311 Loading class sun/nio/ch/Util$BufferCache done
Event: 0.318 Loading class java/lang/IllegalStateException
Event: 0.319 Loading class java/lang/IllegalStateException done
Event: 0.329 Loading class java/lang/SecurityException
Event: 0.329 Loading class java/lang/SecurityException done
Event: 0.329 Loading class java/util/ServiceConfigurationError
Event: 0.329 Loading class java/util/ServiceConfigurationError done
Event: 0.330 Loading class java/lang/ThreadDeath
Event: 0.330 Loading class java/lang/ThreadDeath done
Event: 0.340 Loading class jdk/internal/jimage/ImageLocation
Event: 0.340 Loading class jdk/internal/jimage/ImageLocation done

Classes unloaded (0 events):
No events

Classes redefined (0 events):
No events

Internal exceptions (5 events):
Event: 0.269 Thread 0x000002435d21c510 Exception <a 'java/lang/NoSuchMethodError'{0x0000000089113928}: 'void java.lang.invoke.DirectMethodHandle$Holder.invokeStatic(java.lang.Object, java.lang.Object, java.lang.Object)'> (0x0000000089113928) 
thrown [s\open\src\hotspot\share\interpreter\linkResolver.cpp, line 805]
Event: 0.280 Thread 0x000002435d21c510 Exception <a 'java/lang/NoSuchMethodError'{0x00000000891484e8}: 'java.lang.Object java.lang.invoke.Invokers$Holder.invokeExact_MT(java.lang.Object, java.lang.Object, java.lang.Object, java.lang.Object, java.lang.Object)'> (0x00000000891484e8) 
thrown [s\open\src\hotspot\share\interpreter\linkResolver.cpp, line 805]
Event: 0.297 Thread 0x0000024345365260 Exception <a 'java/lang/NoSuchMethodError'{0x000000008918c4f8}: 'java.lang.Object java.lang.invoke.DirectMethodHandle$Holder.invokeStaticInit(java.lang.Object)'> (0x000000008918c4f8) 
thrown [s\open\src\hotspot\share\interpreter\linkResolver.cpp, line 805]
Event: 0.302 Thread 0x0000024345365260 Exception <a 'java/lang/NoSuchMethodError'{0x0000000089197108}: 'void java.lang.invoke.DirectMethodHandle$Holder.invokeStatic(java.lang.Object, java.lang.Object)'> (0x0000000089197108) 
thrown [s\open\src\hotspot\share\interpreter\linkResolver.cpp, line 805]
Event: 0.331 Thread 0x000002435d21c510 Exception <a 'java/lang/NoSuchMethodError'{0x000000008906dba8}: 'java.lang.Object java.lang.invoke.DirectMethodHandle$Holder.invokeStaticInit(java.lang.Object, java.lang.Object, java.lang.Object)'> (0x000000008906dba8) 
thrown [s\open\src\hotspot\share\interpreter\linkResolver.cpp, line 805]

VM Operations (2 events):
Event: 0.141 Executing VM operation: HandshakeAllThreads (Deoptimize)
Event: 0.141 Executing VM operation: HandshakeAllThreads (Deoptimize) done

Memory protections (0 events):
No events

Nmethod flushes (0 events):
No events

Events (12 events):
Event: 0.040 Thread 0x000002435d21c510 Thread added: 0x000002435d21c510
Event: 0.059 Thread 0x000002435d21c510 Thread added: 0x00000243798c8bc0
Event: 0.059 Thread 0x000002435d21c510 Thread added: 0x00000243798c9dd0
Event: 0.059 Thread 0x000002435d21c510 Thread added: 0x00000243798cad20
Event: 0.059 Thread 0x000002435d21c510 Thread added: 0x00000243798cd960
Event: 0.060 Thread 0x000002435d21c510 Thread added: 0x00000243798d08a0
Event: 0.060 Thread 0x000002435d21c510 Thread added: 0x00000243798d13d0
Event: 0.060 Thread 0x000002435d21c510 Thread added: 0x00000243798d2230
Event: 0.061 Thread 0x000002435d21c510 Thread added: 0x00000243798dd9d0
Event: 0.173 Thread 0x000002435d21c510 Thread added: 0x000002434520c8e0
Event: 0.284 Thread 0x000002435d21c510 Thread added: 0x0000024345365260
Event: 0.284 Thread 0x000002435d21c510 Thread added: 0x00000243453659a0


Dynamic libraries:
0x00007ff64c350000 - 0x00007ff64c360000 	C:\Program Files\Java\jdk-24.0.1\bin\java.exe
0x00007fff3d9f0000 - 0x00007fff3dc08000 	C:\Windows\SYSTEM32\ntdll.dll
0x00007fff3cdf0000 - 0x00007fff3ceb4000 	C:\Windows\System32\KERNEL32.DLL
0x00007fff3b140000 - 0x00007fff3b513000 	C:\Windows\System32\KERNELBASE.dll
0x00007fff3ab00000 - 0x00007fff3ac11000 	C:\Windows\System32\ucrtbase.dll
0x00007fff33260000 - 0x00007fff33276000 	C:\Program Files\Java\jdk-24.0.1\bin\jli.dll
0x00007fff30e40000 - 0x00007fff30e5b000 	C:\Program Files\Java\jdk-24.0.1\bin\VCRUNTIME140.dll
0x00007fff3d3f0000 - 0x00007fff3d5a2000 	C:\Windows\System32\USER32.dll
0x00007fff3acc0000 - 0x00007fff3ace6000 	C:\Windows\System32\win32u.dll
0x00007fff3c470000 - 0x00007fff3c499000 	C:\Windows\System32\GDI32.dll
0x00007fff2f380000 - 0x00007fff2f61c000 	C:\Windows\WinSxS\amd64_microsoft.windows.common-controls_6595b64144ccf1df_6.0.22621.6060_none_2712eda17382d24b\COMCTL32.dll
0x00007fff3d720000 - 0x00007fff3d7c7000 	C:\Windows\System32\msvcrt.dll
0x00007fff3afa0000 - 0x00007fff3b0bb000 	C:\Windows\System32\gdi32full.dll
0x00007fff3ac20000 - 0x00007fff3acba000 	C:\Windows\System32\msvcp_win.dll
0x00007fff3c860000 - 0x00007fff3c891000 	C:\Windows\System32\IMM32.DLL
0x00007fff37920000 - 0x00007fff3792c000 	C:\Program Files\Java\jdk-24.0.1\bin\vcruntime140_1.dll
0x00007fff22630000 - 0x00007fff226be000 	C:\Program Files\Java\jdk-24.0.1\bin\msvcp140.dll
0x00007ffef2bc0000 - 0x00007ffef3962000 	C:\Program Files\Java\jdk-24.0.1\bin\server\jvm.dll
0x00007fff3d150000 - 0x00007fff3d201000 	C:\Windows\System32\ADVAPI32.dll
0x00007fff3ccd0000 - 0x00007fff3cd78000 	C:\Windows\System32\sechost.dll
0x00007fff3af70000 - 0x00007fff3af98000 	C:\Windows\System32\bcrypt.dll
0x00007fff3d030000 - 0x00007fff3d148000 	C:\Windows\System32\RPCRT4.dll
0x00007fff3c8a0000 - 0x00007fff3c911000 	C:\Windows\System32\WS2_32.dll
0x00007fff39910000 - 0x00007fff3995d000 	C:\Windows\SYSTEM32\POWRPROF.dll
0x00007fff35f20000 - 0x00007fff35f54000 	C:\Windows\SYSTEM32\WINMM.dll
0x00007fff378c0000 - 0x00007fff378ca000 	C:\Windows\SYSTEM32\VERSION.dll
0x00007fff398f0000 - 0x00007fff39903000 	C:\Windows\SYSTEM32\UMPDC.dll
0x00007fff39b90000 - 0x00007fff39ba8000 	C:\Windows\SYSTEM32\kernel.appcore.dll
0x00007fff30db0000 - 0x00007fff30dba000 	C:\Program Files\Java\jdk-24.0.1\bin\jimage.dll
0x00007fff25650000 - 0x00007fff25883000 	C:\Windows\SYSTEM32\DBGHELP.DLL
0x00007fff3c920000 - 0x00007fff3ccb1000 	C:\Windows\System32\combase.dll
0x00007fff3d2a0000 - 0x00007fff3d378000 	C:\Windows\System32\OLEAUT32.dll
0x00007fff237e0000 - 0x00007fff23812000 	C:\Windows\SYSTEM32\dbgcore.DLL
0x00007fff3b0c0000 - 0x00007fff3b13b000 	C:\Windows\System32\bcryptPrimitives.dll
0x00007fff370b0000 - 0x00007fff370bf000 	C:\Program Files\Java\jdk-24.0.1\bin\instrument.dll
0x00007fff30d90000 - 0x00007fff30dae000 	C:\Program Files\Java\jdk-24.0.1\bin\java.dll
0x00007fff3c4a0000 - 0x00007fff3c641000 	C:\Windows\System32\ole32.dll
0x00007fff3bbd0000 - 0x00007fff3c46c000 	C:\Windows\System32\SHELL32.dll
0x00007fff3adb0000 - 0x00007fff3aeef000 	C:\Windows\System32\wintypes.dll
0x00007fff389c0000 - 0x00007fff392da000 	C:\Windows\SYSTEM32\windows.storage.dll
0x00007fff3c6a0000 - 0x00007fff3c7a4000 	C:\Windows\System32\SHCORE.dll
0x00007fff3cd80000 - 0x00007fff3cde9000 	C:\Windows\System32\shlwapi.dll
0x00007fff3aa30000 - 0x00007fff3aa55000 	C:\Windows\SYSTEM32\profapi.dll
0x00007fff04600000 - 0x00007fff046d7000 	C:\Program Files\Java\jdk-24.0.1\bin\jsvml.dll
0x00007fff29280000 - 0x00007fff29297000 	C:\Program Files\Java\jdk-24.0.1\bin\zip.dll
0x00007fff2c1e0000 - 0x00007fff2c1f0000 	C:\Program Files\Java\jdk-24.0.1\bin\net.dll
0x00007fff3a060000 - 0x00007fff3a0c9000 	C:\Windows\system32\mswsock.dll
0x00007fff2bfe0000 - 0x00007fff2bff6000 	C:\Program Files\Java\jdk-24.0.1\bin\nio.dll
0x00007fff29100000 - 0x00007fff29109000 	C:\Program Files\Java\jdk-24.0.1\bin\extnet.dll

JVMTI agents:
C:\Program Files\JetBrains\IntelliJ IDEA Community Edition 2025.1\lib\idea_rt.jar path:C:\Program Files\Java\jdk-24.0.1\bin\instrument.dll, loaded, initialized, instrumentlib options:61231

dbghelp: loaded successfully - version: 4.0.5 - missing functions: none
symbol engine: initialized successfully - sym options: 0x614 - pdb path: .;C:\Program Files\Java\jdk-24.0.1\bin;C:\Windows\SYSTEM32;C:\Windows\WinSxS\amd64_microsoft.windows.common-controls_6595b64144ccf1df_6.0.22621.6060_none_2712eda17382d24b;C:\Program Files\Java\jdk-24.0.1\bin\server

VM Arguments:
jvm_args: -javaagent:C:\Program Files\JetBrains\IntelliJ IDEA Community Edition 2025.1\lib\idea_rt.jar=61231 -Dfile.encoding=UTF-8 -Dsun.stdout.encoding=UTF-8 -Dsun.stderr.encoding=UTF-8 
java_command: io.github.henriquempereira.screenmatch.ScreenmatchApplication
java_class_path (initial): C:\Users\adm\OneDrive\Desktop\Java\Alura\Alura-Java-Journey\SpringScreenMatch\screenmatch\target\classes;C:\Users\adm\.m2\repository\org\springframework\boot\spring-boot-starter\4.0.2\spring-boot-starter-4.0.2.jar;C:\Users\adm\.m2\repository\org\springframework\boot\spring-boot-starter-logging\4.0.2\spring-boot-starter-logging-4.0.2.jar;C:\Users\adm\.m2\repository\ch\qos\logback\logback-classic\1.5.25\logback-classic-1.5.25.jar;C:\Users\adm\.m2\repository\ch\qos\logback\logback-core\1.5.25\logback-core-1.5.25.jar;C:\Users\adm\.m2\repository\org\apache\logging\log4j\log4j-to-slf4j\2.25.3\log4j-to-slf4j-2.25.3.jar;C:\Users\adm\.m2\repository\org\apache\logging\log4j\log4j-api\2.25.3\log4j-api-2.25.3.jar;C:\Users\adm\.m2\repository\org\slf4j\jul-to-slf4j\2.0.17\jul-to-slf4j-2.0.17.jar;C:\Users\adm\.m2\repository\org\springframework\boot\spring-boot-autoconfigure\4.0.2\spring-boot-autoconfigure-4.0.2.jar;C:\Users\adm\.m2\repository\org\springframework\boot\spring-boot\4.0.2\spring-boot-4.0.2.jar;C:\Users\adm\.m2\repository\org\springframework\spring-context\7.0.3\spring-context-7.0.3.jar;C:\Users\adm\.m2\repository\org\springframework\spring-aop\7.0.3\spring-aop-7.0.3.jar;C:\Users\adm\.m2\repository\org\springframework\spring-beans\7.0.3\spring-beans-7.0.3.jar;C:\Users\adm\.m2\repository\org\springframework\spring-expression\7.0.3\spring-expression-7.0.3.jar;C:\Users\adm\.m2\repository\io\micrometer\micrometer-observation\1.16.2\micrometer-observation-1.16.2.jar;C:\Users\adm\.m2\repository\io\micrometer\micrometer-commons\1.16.2\micrometer-commons-1.16.2.jar;C:\Users\adm\.m2\repository\jakarta\annotation\jakarta.annotation-api\3.0.0\jakarta.annotation-api-3.0.0.jar;C:\Users\adm\.m2\repository\org\yaml\snakeyaml\2.5\snakeyaml-2.5.jar;C:\Users\adm\.m2\repository\org\slf4j\slf4j-api\2.0.17\slf4j-api-2.0.17.jar;C:\Users\adm\.m2\repository\org\springframework\spring-core\7.0.3\spring-core-7.0.3.jar;C:\Users\adm\.m2\repository\commons-logging\commons-logging\1.3.5\commons-logging-1.3.5.jar;C:\Users\adm\.m2\repository\org\jspecify\jspecify\1.0.0\jspecify-1.0.0.jar;C:\Users\adm\.m2\repository\com\fasterxml\jackson\core\jackson-databind\2.21.0\jackson-databind-2.21.0.jar;C:\Users\adm\.m2\repository\com\fasterxml\jackson\core\jackson-annotations\2.20\jackson-annotations-2.20.jar;C:\Users\adm\.m2\repository\com\fasterxml\jackson\core\jackson-core\2.20.2\jackson-core-2.20.2.jar
Launcher Type: SUN_STANDARD

[Global flags]
     intx CICompilerCount                          = 3                                         {product} {ergonomic}
     uint ConcGCThreads                            = 1                                         {product} {ergonomic}
     uint G1ConcRefinementThreads                  = 4                                         {product} {ergonomic}
   size_t G1HeapRegionSize                         = 1048576                                   {product} {ergonomic}
   size_t InitialHeapSize                          = 134217728                                 {product} {ergonomic}
   size_t MarkStackSize                            = 4194304                                   {product} {ergonomic}
   size_t MarkStackSizeMax                         = 536870912                                 {product} {ergonomic}
   size_t MaxHeapSize                              = 2124414976                                {product} {ergonomic}
   size_t MaxNewSize                               = 1274019840                                {product} {ergonomic}
   size_t MinHeapDeltaBytes                        = 1048576                                   {product} {ergonomic}
   size_t MinHeapSize                              = 8388608                                   {product} {ergonomic}
    uintx NonNMethodCodeHeapSize                   = 5832704                                {pd product} {ergonomic}
    uintx NonProfiledCodeHeapSize                  = 122945536                              {pd product} {ergonomic}
    uintx ProfiledCodeHeapSize                     = 122880000                              {pd product} {ergonomic}
    uintx ReservedCodeCacheSize                    = 251658240                              {pd product} {ergonomic}
     bool SegmentedCodeCache                       = true                                      {product} {ergonomic}
   size_t SoftMaxHeapSize                          = 2124414976                             {manageable} {ergonomic}
     bool UseCompressedOops                        = true                           {product lp64_product} {ergonomic}
     bool UseG1GC                                  = true                                      {product} {ergonomic}
     bool UseLargePagesIndividualAllocation        = false                                  {pd product} {ergonomic}

Logging:
Log output configuration:
 #0: stdout all=warning uptime,level,tags foldmultilines=false
 #1: stderr all=off uptime,level,tags foldmultilines=false

Environment Variables:
JAVA_HOME=C:\Program Files\Java\jdk-24.0.1
PATH=C:\Windows\system32;C:\Windows;C:\Windows\System32\Wbem;C:\Windows\System32\WindowsPowerShell\v1.0\;C:\Windows\System32\OpenSSH\;C:\Program Files\Git\cmd;C:\Program Files\Docker\Docker\resources\bin;C:\Program Files\Java\jdk-24.0.1\bin;;C:\Program Files (x86)\Gpg4win\..\GnuPG\bin;C:\Program Files\MySQL\MySQL Shell 8.0\bin\;C:\Users\adm\AppData\Local\Programs\Python\Python312\Scripts\;C:\Users\adm\AppData\Local\Programs\Python\Python312\;C:\Users\adm\AppData\Local\Programs\Python\Launcher\;C:\Users\adm\AppData\Local\Microsoft\WindowsApps;C:\Users\adm\AppData\Local\Programs\Microsoft VS Code\bin;C:\Program Files\nodejs;;C:\Program Files\JetBrains\IntelliJ IDEA Community Edition 2025.1\bin;
USERNAME=adm
OS=Windows_NT
PROCESSOR_IDENTIFIER=Intel64 Family 6 Model 142 Stepping 9, GenuineIntel
TMP=C:\Users\adm\AppData\Local\Temp
TEMP=C:\Users\adm\AppData\Local\Temp




Periodic native trim disabled

---------------  S Y S T E M  ---------------

OS:
 Windows 11 , 64 bit Build 22621 (10.0.22621.5415)
OS uptime: 3 days 6:07 hours
Hyper-V role detected

CPU: total 4 (initial active 4) (2 cores per cpu, 2 threads per core) family 6 model 142 stepping 9 microcode 0xde, cx8, cmov, fxsr, ht, mmx, 3dnowpref, sse, sse2, sse3, ssse3, sse4.1, sse4.2, popcnt, lzcnt, tsc, tscinvbit, avx, avx2, aes, erms, clmul, bmi1, bmi2, adx, fma, vzeroupper, clflush, clflushopt, hv, rdtscp, f16c
Processor Information for the first 4 processors :
  Max Mhz: 2904, Current Mhz: 2703, Mhz Limit: 2700

Memory: 4k page, system-wide physical 8102M (396M free)
TotalPageFile size 10150M (AvailPageFile size 4M)
current process WorkingSet (physical memory assigned to process): 52M, peak: 52M
current process commit charge ("private bytes"): 213M, peak: 214M

vm_info: Java HotSpot(TM) 64-Bit Server VM (24.0.1+9-30) for windows-amd64 JRE (24.0.1+9-30), built on 2025-03-05T07:23:45Z with MS VC++ 17.6 (VS2022)

END.
